<?xml version="1.0" encoding="UTF-8"?>
<!-- Generated by org.testng.reporters.JUnitXMLReporter -->
<testsuite hostname="TYSS-4F-019" ignored="28" name="Test" tests="15" failures="13" timestamp="11 Nov 2017 05:30:47 GMT" time="201.135" errors="0">
  <testcase name="testvalidlogonlogout" time="56.853" classname="SCRIPTS.Testscript1"/>
  <testcase name="testvalidlogonlogout2" time="10.323" classname="SCRIPTS.Testscript2">
    <failure type="org.openqa.selenium.ElementNotInteractableException" message="Element is not visible
Build info: version: &amp;apos;3.6.0&amp;apos;, revision: &amp;apos;6fbf3ec767&amp;apos;, time: &amp;apos;2017-09-27T16:15:40.131Z&amp;apos;
System info: host: &amp;apos;TYSS-4F-019&amp;apos;, ip: &amp;apos;10.10.14.113&amp;apos;, os.name: &amp;apos;Windows 10&amp;apos;, os.arch: &amp;apos;amd64&amp;apos;, os.version: &amp;apos;10.0&amp;apos;, java.version: &amp;apos;1.8.0_121&amp;apos;
Driver info: org.openqa.selenium.firefox.FirefoxDriver
Capabilities [{moz:profile=C:\Users\TYSS\AppData\Local\Temp\rust_mozprofile.ZJlygednfg1g, rotatable=false, timeouts={implicit=0, pageLoad=300000, script=30000}, pageLoadStrategy=normal, moz:headless=false, platform=XP, specificationLevel=0, moz:accessibilityChecks=false, acceptInsecureCerts=true, browserVersion=56.0.1, platformVersion=10.0, moz:processID=4584, browserName=firefox, javascriptEnabled=true, platformName=XP}]
Session ID: d9dd1994-6cc6-4a5e-8834-f19922e691ec">
      <![CDATA[org.openqa.selenium.ElementNotInteractableException: Element is not visible
Build info: version: '3.6.0', revision: '6fbf3ec767', time: '2017-09-27T16:15:40.131Z'
System info: host: 'TYSS-4F-019', ip: '10.10.14.113', os.name: 'Windows 10', os.arch: 'amd64', os.version: '10.0', java.version: '1.8.0_121'
Driver info: org.openqa.selenium.firefox.FirefoxDriver
Capabilities [{moz:profile=C:\Users\TYSS\AppData\Local\Temp\rust_mozprofile.ZJlygednfg1g, rotatable=false, timeouts={implicit=0, pageLoad=300000, script=30000}, pageLoadStrategy=normal, moz:headless=false, platform=XP, specificationLevel=0, moz:accessibilityChecks=false, acceptInsecureCerts=true, browserVersion=56.0.1, platformVersion=10.0, moz:processID=4584, browserName=firefox, javascriptEnabled=true, platformName=XP}]
Session ID: d9dd1994-6cc6-4a5e-8834-f19922e691ec
	at org.openqa.selenium.remote.http.W3CHttpResponseCodec.createException(W3CHttpResponseCodec.java:185)
	at org.openqa.selenium.remote.http.W3CHttpResponseCodec.decode(W3CHttpResponseCodec.java:120)
	at org.openqa.selenium.remote.http.W3CHttpResponseCodec.decode(W3CHttpResponseCodec.java:49)
	at org.openqa.selenium.remote.HttpCommandExecutor.execute(HttpCommandExecutor.java:164)
	at org.openqa.selenium.remote.service.DriverCommandExecutor.execute(DriverCommandExecutor.java:83)
	at org.openqa.selenium.remote.RemoteWebDriver.execute(RemoteWebDriver.java:586)
	at org.openqa.selenium.remote.RemoteWebElement.execute(RemoteWebElement.java:279)
	at org.openqa.selenium.remote.RemoteWebElement.sendKeys(RemoteWebElement.java:100)
	at org.openqa.selenium.support.pagefactory.internal.LocatingElementHandler.invoke(LocatingElementHandler.java:51)
	at com.sun.proxy.$Proxy9.sendKeys(Unknown Source)
	at POM.LoginPage.loginmail(LoginPage.java:30)
	at SCRIPTS.Testscript2.testvalidlogonlogout2(Testscript2.java:19)
... Removed 33 stack frames]]>
    </failure>
  </testcase> <!-- testvalidlogonlogout2 -->
  <testcase name="testvalidlogonlogout3" time="0.321" classname="SCRIPTS.Testscript3">
    <failure type="org.openqa.selenium.ElementNotInteractableException" message="Element is not visible
Build info: version: &amp;apos;3.6.0&amp;apos;, revision: &amp;apos;6fbf3ec767&amp;apos;, time: &amp;apos;2017-09-27T16:15:40.131Z&amp;apos;
System info: host: &amp;apos;TYSS-4F-019&amp;apos;, ip: &amp;apos;10.10.14.113&amp;apos;, os.name: &amp;apos;Windows 10&amp;apos;, os.arch: &amp;apos;amd64&amp;apos;, os.version: &amp;apos;10.0&amp;apos;, java.version: &amp;apos;1.8.0_121&amp;apos;
Driver info: org.openqa.selenium.firefox.FirefoxDriver
Capabilities [{moz:profile=C:\Users\TYSS\AppData\Local\Temp\rust_mozprofile.ZJlygednfg1g, rotatable=false, timeouts={implicit=0, pageLoad=300000, script=30000}, pageLoadStrategy=normal, moz:headless=false, platform=XP, specificationLevel=0, moz:accessibilityChecks=false, acceptInsecureCerts=true, browserVersion=56.0.1, platformVersion=10.0, moz:processID=4584, browserName=firefox, javascriptEnabled=true, platformName=XP}]
Session ID: d9dd1994-6cc6-4a5e-8834-f19922e691ec">
      <![CDATA[org.openqa.selenium.ElementNotInteractableException: Element is not visible
Build info: version: '3.6.0', revision: '6fbf3ec767', time: '2017-09-27T16:15:40.131Z'
System info: host: 'TYSS-4F-019', ip: '10.10.14.113', os.name: 'Windows 10', os.arch: 'amd64', os.version: '10.0', java.version: '1.8.0_121'
Driver info: org.openqa.selenium.firefox.FirefoxDriver
Capabilities [{moz:profile=C:\Users\TYSS\AppData\Local\Temp\rust_mozprofile.ZJlygednfg1g, rotatable=false, timeouts={implicit=0, pageLoad=300000, script=30000}, pageLoadStrategy=normal, moz:headless=false, platform=XP, specificationLevel=0, moz:accessibilityChecks=false, acceptInsecureCerts=true, browserVersion=56.0.1, platformVersion=10.0, moz:processID=4584, browserName=firefox, javascriptEnabled=true, platformName=XP}]
Session ID: d9dd1994-6cc6-4a5e-8834-f19922e691ec
	at org.openqa.selenium.remote.http.W3CHttpResponseCodec.createException(W3CHttpResponseCodec.java:185)
	at org.openqa.selenium.remote.http.W3CHttpResponseCodec.decode(W3CHttpResponseCodec.java:120)
	at org.openqa.selenium.remote.http.W3CHttpResponseCodec.decode(W3CHttpResponseCodec.java:49)
	at org.openqa.selenium.remote.HttpCommandExecutor.execute(HttpCommandExecutor.java:164)
	at org.openqa.selenium.remote.service.DriverCommandExecutor.execute(DriverCommandExecutor.java:83)
	at org.openqa.selenium.remote.RemoteWebDriver.execute(RemoteWebDriver.java:586)
	at org.openqa.selenium.remote.RemoteWebElement.execute(RemoteWebElement.java:279)
	at org.openqa.selenium.remote.RemoteWebElement.sendKeys(RemoteWebElement.java:100)
	at org.openqa.selenium.support.pagefactory.internal.LocatingElementHandler.invoke(LocatingElementHandler.java:51)
	at com.sun.proxy.$Proxy9.sendKeys(Unknown Source)
	at POM.LoginPage.loginmail(LoginPage.java:30)
	at SCRIPTS.Testscript3.testvalidlogonlogout3(Testscript3.java:20)
... Removed 33 stack frames]]>
    </failure>
  </testcase> <!-- testvalidlogonlogout3 -->
  <testcase name="testvalidlogonlogout4" time="0.443" classname="SCRIPTS.Testscript4">
    <failure type="org.openqa.selenium.ElementNotInteractableException" message="Element is not visible
Build info: version: &amp;apos;3.6.0&amp;apos;, revision: &amp;apos;6fbf3ec767&amp;apos;, time: &amp;apos;2017-09-27T16:15:40.131Z&amp;apos;
System info: host: &amp;apos;TYSS-4F-019&amp;apos;, ip: &amp;apos;10.10.14.113&amp;apos;, os.name: &amp;apos;Windows 10&amp;apos;, os.arch: &amp;apos;amd64&amp;apos;, os.version: &amp;apos;10.0&amp;apos;, java.version: &amp;apos;1.8.0_121&amp;apos;
Driver info: org.openqa.selenium.firefox.FirefoxDriver
Capabilities [{moz:profile=C:\Users\TYSS\AppData\Local\Temp\rust_mozprofile.ZJlygednfg1g, rotatable=false, timeouts={implicit=0, pageLoad=300000, script=30000}, pageLoadStrategy=normal, moz:headless=false, platform=XP, specificationLevel=0, moz:accessibilityChecks=false, acceptInsecureCerts=true, browserVersion=56.0.1, platformVersion=10.0, moz:processID=4584, browserName=firefox, javascriptEnabled=true, platformName=XP}]
Session ID: d9dd1994-6cc6-4a5e-8834-f19922e691ec">
      <![CDATA[org.openqa.selenium.ElementNotInteractableException: Element is not visible
Build info: version: '3.6.0', revision: '6fbf3ec767', time: '2017-09-27T16:15:40.131Z'
System info: host: 'TYSS-4F-019', ip: '10.10.14.113', os.name: 'Windows 10', os.arch: 'amd64', os.version: '10.0', java.version: '1.8.0_121'
Driver info: org.openqa.selenium.firefox.FirefoxDriver
Capabilities [{moz:profile=C:\Users\TYSS\AppData\Local\Temp\rust_mozprofile.ZJlygednfg1g, rotatable=false, timeouts={implicit=0, pageLoad=300000, script=30000}, pageLoadStrategy=normal, moz:headless=false, platform=XP, specificationLevel=0, moz:accessibilityChecks=false, acceptInsecureCerts=true, browserVersion=56.0.1, platformVersion=10.0, moz:processID=4584, browserName=firefox, javascriptEnabled=true, platformName=XP}]
Session ID: d9dd1994-6cc6-4a5e-8834-f19922e691ec
	at org.openqa.selenium.remote.http.W3CHttpResponseCodec.createException(W3CHttpResponseCodec.java:185)
	at org.openqa.selenium.remote.http.W3CHttpResponseCodec.decode(W3CHttpResponseCodec.java:120)
	at org.openqa.selenium.remote.http.W3CHttpResponseCodec.decode(W3CHttpResponseCodec.java:49)
	at org.openqa.selenium.remote.HttpCommandExecutor.execute(HttpCommandExecutor.java:164)
	at org.openqa.selenium.remote.service.DriverCommandExecutor.execute(DriverCommandExecutor.java:83)
	at org.openqa.selenium.remote.RemoteWebDriver.execute(RemoteWebDriver.java:586)
	at org.openqa.selenium.remote.RemoteWebElement.execute(RemoteWebElement.java:279)
	at org.openqa.selenium.remote.RemoteWebElement.sendKeys(RemoteWebElement.java:100)
	at org.openqa.selenium.support.pagefactory.internal.LocatingElementHandler.invoke(LocatingElementHandler.java:51)
	at com.sun.proxy.$Proxy9.sendKeys(Unknown Source)
	at POM.LoginPage.loginmail(LoginPage.java:30)
	at SCRIPTS.Testscript4.testvalidlogonlogout4(Testscript4.java:19)
... Removed 33 stack frames]]>
    </failure>
  </testcase> <!-- testvalidlogonlogout4 -->
  <testcase name="testvalidlogonlogout5" time="75.094" classname="SCRIPTS.Testscript5"/>
  <testcase name="testvalidlogonlogout6" time="5.599" classname="SCRIPTS.Testscript6">
    <failure type="org.openqa.selenium.ElementNotInteractableException" message="Element is not visible
Build info: version: &amp;apos;3.6.0&amp;apos;, revision: &amp;apos;6fbf3ec767&amp;apos;, time: &amp;apos;2017-09-27T16:15:40.131Z&amp;apos;
System info: host: &amp;apos;TYSS-4F-019&amp;apos;, ip: &amp;apos;10.10.14.113&amp;apos;, os.name: &amp;apos;Windows 10&amp;apos;, os.arch: &amp;apos;amd64&amp;apos;, os.version: &amp;apos;10.0&amp;apos;, java.version: &amp;apos;1.8.0_121&amp;apos;
Driver info: org.openqa.selenium.firefox.FirefoxDriver
Capabilities [{moz:profile=C:\Users\TYSS\AppData\Local\Temp\rust_mozprofile.ZJlygednfg1g, rotatable=false, timeouts={implicit=0, pageLoad=300000, script=30000}, pageLoadStrategy=normal, moz:headless=false, platform=XP, specificationLevel=0, moz:accessibilityChecks=false, acceptInsecureCerts=true, browserVersion=56.0.1, platformVersion=10.0, moz:processID=4584, browserName=firefox, javascriptEnabled=true, platformName=XP}]
Session ID: d9dd1994-6cc6-4a5e-8834-f19922e691ec">
      <![CDATA[org.openqa.selenium.ElementNotInteractableException: Element is not visible
Build info: version: '3.6.0', revision: '6fbf3ec767', time: '2017-09-27T16:15:40.131Z'
System info: host: 'TYSS-4F-019', ip: '10.10.14.113', os.name: 'Windows 10', os.arch: 'amd64', os.version: '10.0', java.version: '1.8.0_121'
Driver info: org.openqa.selenium.firefox.FirefoxDriver
Capabilities [{moz:profile=C:\Users\TYSS\AppData\Local\Temp\rust_mozprofile.ZJlygednfg1g, rotatable=false, timeouts={implicit=0, pageLoad=300000, script=30000}, pageLoadStrategy=normal, moz:headless=false, platform=XP, specificationLevel=0, moz:accessibilityChecks=false, acceptInsecureCerts=true, browserVersion=56.0.1, platformVersion=10.0, moz:processID=4584, browserName=firefox, javascriptEnabled=true, platformName=XP}]
Session ID: d9dd1994-6cc6-4a5e-8834-f19922e691ec
	at org.openqa.selenium.remote.http.W3CHttpResponseCodec.createException(W3CHttpResponseCodec.java:185)
	at org.openqa.selenium.remote.http.W3CHttpResponseCodec.decode(W3CHttpResponseCodec.java:120)
	at org.openqa.selenium.remote.http.W3CHttpResponseCodec.decode(W3CHttpResponseCodec.java:49)
	at org.openqa.selenium.remote.HttpCommandExecutor.execute(HttpCommandExecutor.java:164)
	at org.openqa.selenium.remote.service.DriverCommandExecutor.execute(DriverCommandExecutor.java:83)
	at org.openqa.selenium.remote.RemoteWebDriver.execute(RemoteWebDriver.java:586)
	at org.openqa.selenium.remote.RemoteWebElement.execute(RemoteWebElement.java:279)
	at org.openqa.selenium.remote.RemoteWebElement.sendKeys(RemoteWebElement.java:100)
	at org.openqa.selenium.support.pagefactory.internal.LocatingElementHandler.invoke(LocatingElementHandler.java:51)
	at com.sun.proxy.$Proxy9.sendKeys(Unknown Source)
	at POM.LoginPage.loginmail(LoginPage.java:30)
	at SCRIPTS.Testscript6.testvalidlogonlogout6(Testscript6.java:18)
... Removed 33 stack frames]]>
    </failure>
  </testcase> <!-- testvalidlogonlogout6 -->
  <testcase name="testvalidlogonlogout7" time="0.359" classname="SCRIPTS.Testscript7">
    <failure type="org.openqa.selenium.ElementNotInteractableException" message="Element is not visible
Build info: version: &amp;apos;3.6.0&amp;apos;, revision: &amp;apos;6fbf3ec767&amp;apos;, time: &amp;apos;2017-09-27T16:15:40.131Z&amp;apos;
System info: host: &amp;apos;TYSS-4F-019&amp;apos;, ip: &amp;apos;10.10.14.113&amp;apos;, os.name: &amp;apos;Windows 10&amp;apos;, os.arch: &amp;apos;amd64&amp;apos;, os.version: &amp;apos;10.0&amp;apos;, java.version: &amp;apos;1.8.0_121&amp;apos;
Driver info: org.openqa.selenium.firefox.FirefoxDriver
Capabilities [{moz:profile=C:\Users\TYSS\AppData\Local\Temp\rust_mozprofile.ZJlygednfg1g, rotatable=false, timeouts={implicit=0, pageLoad=300000, script=30000}, pageLoadStrategy=normal, moz:headless=false, platform=XP, specificationLevel=0, moz:accessibilityChecks=false, acceptInsecureCerts=true, browserVersion=56.0.1, platformVersion=10.0, moz:processID=4584, browserName=firefox, javascriptEnabled=true, platformName=XP}]
Session ID: d9dd1994-6cc6-4a5e-8834-f19922e691ec">
      <![CDATA[org.openqa.selenium.ElementNotInteractableException: Element is not visible
Build info: version: '3.6.0', revision: '6fbf3ec767', time: '2017-09-27T16:15:40.131Z'
System info: host: 'TYSS-4F-019', ip: '10.10.14.113', os.name: 'Windows 10', os.arch: 'amd64', os.version: '10.0', java.version: '1.8.0_121'
Driver info: org.openqa.selenium.firefox.FirefoxDriver
Capabilities [{moz:profile=C:\Users\TYSS\AppData\Local\Temp\rust_mozprofile.ZJlygednfg1g, rotatable=false, timeouts={implicit=0, pageLoad=300000, script=30000}, pageLoadStrategy=normal, moz:headless=false, platform=XP, specificationLevel=0, moz:accessibilityChecks=false, acceptInsecureCerts=true, browserVersion=56.0.1, platformVersion=10.0, moz:processID=4584, browserName=firefox, javascriptEnabled=true, platformName=XP}]
Session ID: d9dd1994-6cc6-4a5e-8834-f19922e691ec
	at org.openqa.selenium.remote.http.W3CHttpResponseCodec.createException(W3CHttpResponseCodec.java:185)
	at org.openqa.selenium.remote.http.W3CHttpResponseCodec.decode(W3CHttpResponseCodec.java:120)
	at org.openqa.selenium.remote.http.W3CHttpResponseCodec.decode(W3CHttpResponseCodec.java:49)
	at org.openqa.selenium.remote.HttpCommandExecutor.execute(HttpCommandExecutor.java:164)
	at org.openqa.selenium.remote.service.DriverCommandExecutor.execute(DriverCommandExecutor.java:83)
	at org.openqa.selenium.remote.RemoteWebDriver.execute(RemoteWebDriver.java:586)
	at org.openqa.selenium.remote.RemoteWebElement.execute(RemoteWebElement.java:279)
	at org.openqa.selenium.remote.RemoteWebElement.sendKeys(RemoteWebElement.java:100)
	at org.openqa.selenium.support.pagefactory.internal.LocatingElementHandler.invoke(LocatingElementHandler.java:51)
	at com.sun.proxy.$Proxy9.sendKeys(Unknown Source)
	at POM.LoginPage.loginmail(LoginPage.java:30)
	at SCRIPTS.Testscript7.testvalidlogonlogout7(Testscript7.java:18)
... Removed 33 stack frames]]>
    </failure>
  </testcase> <!-- testvalidlogonlogout7 -->
  <testcase name="testvalidlogonlogout8" time="0.297" classname="SCRIPTS.Testscript8">
    <failure type="org.openqa.selenium.ElementNotInteractableException" message="Element is not visible
Build info: version: &amp;apos;3.6.0&amp;apos;, revision: &amp;apos;6fbf3ec767&amp;apos;, time: &amp;apos;2017-09-27T16:15:40.131Z&amp;apos;
System info: host: &amp;apos;TYSS-4F-019&amp;apos;, ip: &amp;apos;10.10.14.113&amp;apos;, os.name: &amp;apos;Windows 10&amp;apos;, os.arch: &amp;apos;amd64&amp;apos;, os.version: &amp;apos;10.0&amp;apos;, java.version: &amp;apos;1.8.0_121&amp;apos;
Driver info: org.openqa.selenium.firefox.FirefoxDriver
Capabilities [{moz:profile=C:\Users\TYSS\AppData\Local\Temp\rust_mozprofile.ZJlygednfg1g, rotatable=false, timeouts={implicit=0, pageLoad=300000, script=30000}, pageLoadStrategy=normal, moz:headless=false, platform=XP, specificationLevel=0, moz:accessibilityChecks=false, acceptInsecureCerts=true, browserVersion=56.0.1, platformVersion=10.0, moz:processID=4584, browserName=firefox, javascriptEnabled=true, platformName=XP}]
Session ID: d9dd1994-6cc6-4a5e-8834-f19922e691ec">
      <![CDATA[org.openqa.selenium.ElementNotInteractableException: Element is not visible
Build info: version: '3.6.0', revision: '6fbf3ec767', time: '2017-09-27T16:15:40.131Z'
System info: host: 'TYSS-4F-019', ip: '10.10.14.113', os.name: 'Windows 10', os.arch: 'amd64', os.version: '10.0', java.version: '1.8.0_121'
Driver info: org.openqa.selenium.firefox.FirefoxDriver
Capabilities [{moz:profile=C:\Users\TYSS\AppData\Local\Temp\rust_mozprofile.ZJlygednfg1g, rotatable=false, timeouts={implicit=0, pageLoad=300000, script=30000}, pageLoadStrategy=normal, moz:headless=false, platform=XP, specificationLevel=0, moz:accessibilityChecks=false, acceptInsecureCerts=true, browserVersion=56.0.1, platformVersion=10.0, moz:processID=4584, browserName=firefox, javascriptEnabled=true, platformName=XP}]
Session ID: d9dd1994-6cc6-4a5e-8834-f19922e691ec
	at org.openqa.selenium.remote.http.W3CHttpResponseCodec.createException(W3CHttpResponseCodec.java:185)
	at org.openqa.selenium.remote.http.W3CHttpResponseCodec.decode(W3CHttpResponseCodec.java:120)
	at org.openqa.selenium.remote.http.W3CHttpResponseCodec.decode(W3CHttpResponseCodec.java:49)
	at org.openqa.selenium.remote.HttpCommandExecutor.execute(HttpCommandExecutor.java:164)
	at org.openqa.selenium.remote.service.DriverCommandExecutor.execute(DriverCommandExecutor.java:83)
	at org.openqa.selenium.remote.RemoteWebDriver.execute(RemoteWebDriver.java:586)
	at org.openqa.selenium.remote.RemoteWebElement.execute(RemoteWebElement.java:279)
	at org.openqa.selenium.remote.RemoteWebElement.sendKeys(RemoteWebElement.java:100)
	at org.openqa.selenium.support.pagefactory.internal.LocatingElementHandler.invoke(LocatingElementHandler.java:51)
	at com.sun.proxy.$Proxy9.sendKeys(Unknown Source)
	at POM.LoginPage.loginmail(LoginPage.java:30)
	at SCRIPTS.Testscript8.testvalidlogonlogout8(Testscript8.java:18)
... Removed 33 stack frames]]>
    </failure>
  </testcase> <!-- testvalidlogonlogout8 -->
  <testcase name="testvalidlogonlogout9" time="0.297" classname="SCRIPTS.Testscript9">
    <failure type="org.openqa.selenium.ElementNotInteractableException" message="Element is not visible
Build info: version: &amp;apos;3.6.0&amp;apos;, revision: &amp;apos;6fbf3ec767&amp;apos;, time: &amp;apos;2017-09-27T16:15:40.131Z&amp;apos;
System info: host: &amp;apos;TYSS-4F-019&amp;apos;, ip: &amp;apos;10.10.14.113&amp;apos;, os.name: &amp;apos;Windows 10&amp;apos;, os.arch: &amp;apos;amd64&amp;apos;, os.version: &amp;apos;10.0&amp;apos;, java.version: &amp;apos;1.8.0_121&amp;apos;
Driver info: org.openqa.selenium.firefox.FirefoxDriver
Capabilities [{moz:profile=C:\Users\TYSS\AppData\Local\Temp\rust_mozprofile.ZJlygednfg1g, rotatable=false, timeouts={implicit=0, pageLoad=300000, script=30000}, pageLoadStrategy=normal, moz:headless=false, platform=XP, specificationLevel=0, moz:accessibilityChecks=false, acceptInsecureCerts=true, browserVersion=56.0.1, platformVersion=10.0, moz:processID=4584, browserName=firefox, javascriptEnabled=true, platformName=XP}]
Session ID: d9dd1994-6cc6-4a5e-8834-f19922e691ec">
      <![CDATA[org.openqa.selenium.ElementNotInteractableException: Element is not visible
Build info: version: '3.6.0', revision: '6fbf3ec767', time: '2017-09-27T16:15:40.131Z'
System info: host: 'TYSS-4F-019', ip: '10.10.14.113', os.name: 'Windows 10', os.arch: 'amd64', os.version: '10.0', java.version: '1.8.0_121'
Driver info: org.openqa.selenium.firefox.FirefoxDriver
Capabilities [{moz:profile=C:\Users\TYSS\AppData\Local\Temp\rust_mozprofile.ZJlygednfg1g, rotatable=false, timeouts={implicit=0, pageLoad=300000, script=30000}, pageLoadStrategy=normal, moz:headless=false, platform=XP, specificationLevel=0, moz:accessibilityChecks=false, acceptInsecureCerts=true, browserVersion=56.0.1, platformVersion=10.0, moz:processID=4584, browserName=firefox, javascriptEnabled=true, platformName=XP}]
Session ID: d9dd1994-6cc6-4a5e-8834-f19922e691ec
	at org.openqa.selenium.remote.http.W3CHttpResponseCodec.createException(W3CHttpResponseCodec.java:185)
	at org.openqa.selenium.remote.http.W3CHttpResponseCodec.decode(W3CHttpResponseCodec.java:120)
	at org.openqa.selenium.remote.http.W3CHttpResponseCodec.decode(W3CHttpResponseCodec.java:49)
	at org.openqa.selenium.remote.HttpCommandExecutor.execute(HttpCommandExecutor.java:164)
	at org.openqa.selenium.remote.service.DriverCommandExecutor.execute(DriverCommandExecutor.java:83)
	at org.openqa.selenium.remote.RemoteWebDriver.execute(RemoteWebDriver.java:586)
	at org.openqa.selenium.remote.RemoteWebElement.execute(RemoteWebElement.java:279)
	at org.openqa.selenium.remote.RemoteWebElement.sendKeys(RemoteWebElement.java:100)
	at org.openqa.selenium.support.pagefactory.internal.LocatingElementHandler.invoke(LocatingElementHandler.java:51)
	at com.sun.proxy.$Proxy9.sendKeys(Unknown Source)
	at POM.LoginPage.loginmail(LoginPage.java:30)
	at SCRIPTS.Testscript9.testvalidlogonlogout9(Testscript9.java:18)
... Removed 33 stack frames]]>
    </failure>
  </testcase> <!-- testvalidlogonlogout9 -->
  <testcase name="testvalidlogonlogout10" time="0.284" classname="SCRIPTS.Testscript10">
    <failure type="org.openqa.selenium.ElementNotInteractableException" message="Element is not visible
Build info: version: &amp;apos;3.6.0&amp;apos;, revision: &amp;apos;6fbf3ec767&amp;apos;, time: &amp;apos;2017-09-27T16:15:40.131Z&amp;apos;
System info: host: &amp;apos;TYSS-4F-019&amp;apos;, ip: &amp;apos;10.10.14.113&amp;apos;, os.name: &amp;apos;Windows 10&amp;apos;, os.arch: &amp;apos;amd64&amp;apos;, os.version: &amp;apos;10.0&amp;apos;, java.version: &amp;apos;1.8.0_121&amp;apos;
Driver info: org.openqa.selenium.firefox.FirefoxDriver
Capabilities [{moz:profile=C:\Users\TYSS\AppData\Local\Temp\rust_mozprofile.ZJlygednfg1g, rotatable=false, timeouts={implicit=0, pageLoad=300000, script=30000}, pageLoadStrategy=normal, moz:headless=false, platform=XP, specificationLevel=0, moz:accessibilityChecks=false, acceptInsecureCerts=true, browserVersion=56.0.1, platformVersion=10.0, moz:processID=4584, browserName=firefox, javascriptEnabled=true, platformName=XP}]
Session ID: d9dd1994-6cc6-4a5e-8834-f19922e691ec">
      <![CDATA[org.openqa.selenium.ElementNotInteractableException: Element is not visible
Build info: version: '3.6.0', revision: '6fbf3ec767', time: '2017-09-27T16:15:40.131Z'
System info: host: 'TYSS-4F-019', ip: '10.10.14.113', os.name: 'Windows 10', os.arch: 'amd64', os.version: '10.0', java.version: '1.8.0_121'
Driver info: org.openqa.selenium.firefox.FirefoxDriver
Capabilities [{moz:profile=C:\Users\TYSS\AppData\Local\Temp\rust_mozprofile.ZJlygednfg1g, rotatable=false, timeouts={implicit=0, pageLoad=300000, script=30000}, pageLoadStrategy=normal, moz:headless=false, platform=XP, specificationLevel=0, moz:accessibilityChecks=false, acceptInsecureCerts=true, browserVersion=56.0.1, platformVersion=10.0, moz:processID=4584, browserName=firefox, javascriptEnabled=true, platformName=XP}]
Session ID: d9dd1994-6cc6-4a5e-8834-f19922e691ec
	at org.openqa.selenium.remote.http.W3CHttpResponseCodec.createException(W3CHttpResponseCodec.java:185)
	at org.openqa.selenium.remote.http.W3CHttpResponseCodec.decode(W3CHttpResponseCodec.java:120)
	at org.openqa.selenium.remote.http.W3CHttpResponseCodec.decode(W3CHttpResponseCodec.java:49)
	at org.openqa.selenium.remote.HttpCommandExecutor.execute(HttpCommandExecutor.java:164)
	at org.openqa.selenium.remote.service.DriverCommandExecutor.execute(DriverCommandExecutor.java:83)
	at org.openqa.selenium.remote.RemoteWebDriver.execute(RemoteWebDriver.java:586)
	at org.openqa.selenium.remote.RemoteWebElement.execute(RemoteWebElement.java:279)
	at org.openqa.selenium.remote.RemoteWebElement.sendKeys(RemoteWebElement.java:100)
	at org.openqa.selenium.support.pagefactory.internal.LocatingElementHandler.invoke(LocatingElementHandler.java:51)
	at com.sun.proxy.$Proxy9.sendKeys(Unknown Source)
	at POM.LoginPage.loginmail(LoginPage.java:30)
	at SCRIPTS.Testscript10.testvalidlogonlogout10(Testscript10.java:18)
... Removed 33 stack frames]]>
    </failure>
  </testcase> <!-- testvalidlogonlogout10 -->
  <testcase name="testvalidlogonlogout11" time="0.265" classname="SCRIPTS.Testscript11">
    <failure type="org.openqa.selenium.ElementNotInteractableException" message="Element is not visible
Build info: version: &amp;apos;3.6.0&amp;apos;, revision: &amp;apos;6fbf3ec767&amp;apos;, time: &amp;apos;2017-09-27T16:15:40.131Z&amp;apos;
System info: host: &amp;apos;TYSS-4F-019&amp;apos;, ip: &amp;apos;10.10.14.113&amp;apos;, os.name: &amp;apos;Windows 10&amp;apos;, os.arch: &amp;apos;amd64&amp;apos;, os.version: &amp;apos;10.0&amp;apos;, java.version: &amp;apos;1.8.0_121&amp;apos;
Driver info: org.openqa.selenium.firefox.FirefoxDriver
Capabilities [{moz:profile=C:\Users\TYSS\AppData\Local\Temp\rust_mozprofile.ZJlygednfg1g, rotatable=false, timeouts={implicit=0, pageLoad=300000, script=30000}, pageLoadStrategy=normal, moz:headless=false, platform=XP, specificationLevel=0, moz:accessibilityChecks=false, acceptInsecureCerts=true, browserVersion=56.0.1, platformVersion=10.0, moz:processID=4584, browserName=firefox, javascriptEnabled=true, platformName=XP}]
Session ID: d9dd1994-6cc6-4a5e-8834-f19922e691ec">
      <![CDATA[org.openqa.selenium.ElementNotInteractableException: Element is not visible
Build info: version: '3.6.0', revision: '6fbf3ec767', time: '2017-09-27T16:15:40.131Z'
System info: host: 'TYSS-4F-019', ip: '10.10.14.113', os.name: 'Windows 10', os.arch: 'amd64', os.version: '10.0', java.version: '1.8.0_121'
Driver info: org.openqa.selenium.firefox.FirefoxDriver
Capabilities [{moz:profile=C:\Users\TYSS\AppData\Local\Temp\rust_mozprofile.ZJlygednfg1g, rotatable=false, timeouts={implicit=0, pageLoad=300000, script=30000}, pageLoadStrategy=normal, moz:headless=false, platform=XP, specificationLevel=0, moz:accessibilityChecks=false, acceptInsecureCerts=true, browserVersion=56.0.1, platformVersion=10.0, moz:processID=4584, browserName=firefox, javascriptEnabled=true, platformName=XP}]
Session ID: d9dd1994-6cc6-4a5e-8834-f19922e691ec
	at org.openqa.selenium.remote.http.W3CHttpResponseCodec.createException(W3CHttpResponseCodec.java:185)
	at org.openqa.selenium.remote.http.W3CHttpResponseCodec.decode(W3CHttpResponseCodec.java:120)
	at org.openqa.selenium.remote.http.W3CHttpResponseCodec.decode(W3CHttpResponseCodec.java:49)
	at org.openqa.selenium.remote.HttpCommandExecutor.execute(HttpCommandExecutor.java:164)
	at org.openqa.selenium.remote.service.DriverCommandExecutor.execute(DriverCommandExecutor.java:83)
	at org.openqa.selenium.remote.RemoteWebDriver.execute(RemoteWebDriver.java:586)
	at org.openqa.selenium.remote.RemoteWebElement.execute(RemoteWebElement.java:279)
	at org.openqa.selenium.remote.RemoteWebElement.sendKeys(RemoteWebElement.java:100)
	at org.openqa.selenium.support.pagefactory.internal.LocatingElementHandler.invoke(LocatingElementHandler.java:51)
	at com.sun.proxy.$Proxy9.sendKeys(Unknown Source)
	at POM.LoginPage.loginmail(LoginPage.java:30)
	at SCRIPTS.Testscript11.testvalidlogonlogout11(Testscript11.java:18)
... Removed 33 stack frames]]>
    </failure>
  </testcase> <!-- testvalidlogonlogout11 -->
  <testcase name="testvalidlogonlogout12" time="0.453" classname="SCRIPTS.Testscript12">
    <failure type="org.openqa.selenium.ElementNotInteractableException" message="Element is not visible
Build info: version: &amp;apos;3.6.0&amp;apos;, revision: &amp;apos;6fbf3ec767&amp;apos;, time: &amp;apos;2017-09-27T16:15:40.131Z&amp;apos;
System info: host: &amp;apos;TYSS-4F-019&amp;apos;, ip: &amp;apos;10.10.14.113&amp;apos;, os.name: &amp;apos;Windows 10&amp;apos;, os.arch: &amp;apos;amd64&amp;apos;, os.version: &amp;apos;10.0&amp;apos;, java.version: &amp;apos;1.8.0_121&amp;apos;
Driver info: org.openqa.selenium.firefox.FirefoxDriver
Capabilities [{moz:profile=C:\Users\TYSS\AppData\Local\Temp\rust_mozprofile.ZJlygednfg1g, rotatable=false, timeouts={implicit=0, pageLoad=300000, script=30000}, pageLoadStrategy=normal, moz:headless=false, platform=XP, specificationLevel=0, moz:accessibilityChecks=false, acceptInsecureCerts=true, browserVersion=56.0.1, platformVersion=10.0, moz:processID=4584, browserName=firefox, javascriptEnabled=true, platformName=XP}]
Session ID: d9dd1994-6cc6-4a5e-8834-f19922e691ec">
      <![CDATA[org.openqa.selenium.ElementNotInteractableException: Element is not visible
Build info: version: '3.6.0', revision: '6fbf3ec767', time: '2017-09-27T16:15:40.131Z'
System info: host: 'TYSS-4F-019', ip: '10.10.14.113', os.name: 'Windows 10', os.arch: 'amd64', os.version: '10.0', java.version: '1.8.0_121'
Driver info: org.openqa.selenium.firefox.FirefoxDriver
Capabilities [{moz:profile=C:\Users\TYSS\AppData\Local\Temp\rust_mozprofile.ZJlygednfg1g, rotatable=false, timeouts={implicit=0, pageLoad=300000, script=30000}, pageLoadStrategy=normal, moz:headless=false, platform=XP, specificationLevel=0, moz:accessibilityChecks=false, acceptInsecureCerts=true, browserVersion=56.0.1, platformVersion=10.0, moz:processID=4584, browserName=firefox, javascriptEnabled=true, platformName=XP}]
Session ID: d9dd1994-6cc6-4a5e-8834-f19922e691ec
	at org.openqa.selenium.remote.http.W3CHttpResponseCodec.createException(W3CHttpResponseCodec.java:185)
	at org.openqa.selenium.remote.http.W3CHttpResponseCodec.decode(W3CHttpResponseCodec.java:120)
	at org.openqa.selenium.remote.http.W3CHttpResponseCodec.decode(W3CHttpResponseCodec.java:49)
	at org.openqa.selenium.remote.HttpCommandExecutor.execute(HttpCommandExecutor.java:164)
	at org.openqa.selenium.remote.service.DriverCommandExecutor.execute(DriverCommandExecutor.java:83)
	at org.openqa.selenium.remote.RemoteWebDriver.execute(RemoteWebDriver.java:586)
	at org.openqa.selenium.remote.RemoteWebElement.execute(RemoteWebElement.java:279)
	at org.openqa.selenium.remote.RemoteWebElement.sendKeys(RemoteWebElement.java:100)
	at org.openqa.selenium.support.pagefactory.internal.LocatingElementHandler.invoke(LocatingElementHandler.java:51)
	at com.sun.proxy.$Proxy9.sendKeys(Unknown Source)
	at POM.LoginPage.loginmail(LoginPage.java:30)
	at SCRIPTS.Testscript12.testvalidlogonlogout12(Testscript12.java:18)
... Removed 33 stack frames]]>
    </failure>
  </testcase> <!-- testvalidlogonlogout12 -->
  <testcase name="testvalidlogonlogout13" time="34.419" classname="SCRIPTS.Testscript13">
    <failure type="org.openqa.selenium.NoSuchElementException" message="Unable to locate element: #buynow
For documentation on this error, please visit: http://seleniumhq.org/exceptions/no_such_element.html
Build info: version: &amp;apos;3.6.0&amp;apos;, revision: &amp;apos;6fbf3ec767&amp;apos;, time: &amp;apos;2017-09-27T16:15:40.131Z&amp;apos;
System info: host: &amp;apos;TYSS-4F-019&amp;apos;, ip: &amp;apos;10.10.14.113&amp;apos;, os.name: &amp;apos;Windows 10&amp;apos;, os.arch: &amp;apos;amd64&amp;apos;, os.version: &amp;apos;10.0&amp;apos;, java.version: &amp;apos;1.8.0_121&amp;apos;
Driver info: org.openqa.selenium.firefox.FirefoxDriver
Capabilities [{moz:profile=C:\Users\TYSS\AppData\Local\Temp\rust_mozprofile.ZJlygednfg1g, rotatable=false, timeouts={implicit=0, pageLoad=300000, script=30000}, pageLoadStrategy=normal, moz:headless=false, platform=XP, specificationLevel=0, moz:accessibilityChecks=false, acceptInsecureCerts=true, browserVersion=56.0.1, platformVersion=10.0, moz:processID=4584, browserName=firefox, javascriptEnabled=true, platformName=XP}]
Session ID: d9dd1994-6cc6-4a5e-8834-f19922e691ec
*** Element info: {Using=id, value=buynow}">
      <![CDATA[org.openqa.selenium.NoSuchElementException: Unable to locate element: #buynow
For documentation on this error, please visit: http://seleniumhq.org/exceptions/no_such_element.html
Build info: version: '3.6.0', revision: '6fbf3ec767', time: '2017-09-27T16:15:40.131Z'
System info: host: 'TYSS-4F-019', ip: '10.10.14.113', os.name: 'Windows 10', os.arch: 'amd64', os.version: '10.0', java.version: '1.8.0_121'
Driver info: org.openqa.selenium.firefox.FirefoxDriver
Capabilities [{moz:profile=C:\Users\TYSS\AppData\Local\Temp\rust_mozprofile.ZJlygednfg1g, rotatable=false, timeouts={implicit=0, pageLoad=300000, script=30000}, pageLoadStrategy=normal, moz:headless=false, platform=XP, specificationLevel=0, moz:accessibilityChecks=false, acceptInsecureCerts=true, browserVersion=56.0.1, platformVersion=10.0, moz:processID=4584, browserName=firefox, javascriptEnabled=true, platformName=XP}]
Session ID: d9dd1994-6cc6-4a5e-8834-f19922e691ec
*** Element info: {Using=id, value=buynow}
	at org.openqa.selenium.remote.http.W3CHttpResponseCodec.createException(W3CHttpResponseCodec.java:185)
	at org.openqa.selenium.remote.http.W3CHttpResponseCodec.decode(W3CHttpResponseCodec.java:120)
	at org.openqa.selenium.remote.http.W3CHttpResponseCodec.decode(W3CHttpResponseCodec.java:49)
	at org.openqa.selenium.remote.HttpCommandExecutor.execute(HttpCommandExecutor.java:164)
	at org.openqa.selenium.remote.service.DriverCommandExecutor.execute(DriverCommandExecutor.java:83)
	at org.openqa.selenium.remote.RemoteWebDriver.execute(RemoteWebDriver.java:586)
	at org.openqa.selenium.remote.RemoteWebDriver.findElement(RemoteWebDriver.java:356)
	at org.openqa.selenium.remote.RemoteWebDriver.findElementById(RemoteWebDriver.java:402)
	at org.openqa.selenium.By$ById.findElement(By.java:218)
	at org.openqa.selenium.remote.RemoteWebDriver.findElement(RemoteWebDriver.java:348)
	at org.openqa.selenium.support.pagefactory.DefaultElementLocator.findElement(DefaultElementLocator.java:69)
	at org.openqa.selenium.support.pagefactory.internal.LocatingElementHandler.invoke(LocatingElementHandler.java:38)
	at com.sun.proxy.$Proxy9.click(Unknown Source)
	at POM.Buynowpage.buynowfn(Buynowpage.java:22)
	at SCRIPTS.Testscript13.testvalidlogonlogout13(Testscript13.java:30)
... Removed 29 stack frames]]>
    </failure>
  </testcase> <!-- testvalidlogonlogout13 -->
  <testcase name="testvalidlogonlogout14" time="0.33" classname="SCRIPTS.Testscript14">
    <failure type="org.openqa.selenium.ElementNotInteractableException" message="Element is not visible
Build info: version: &amp;apos;3.6.0&amp;apos;, revision: &amp;apos;6fbf3ec767&amp;apos;, time: &amp;apos;2017-09-27T16:15:40.131Z&amp;apos;
System info: host: &amp;apos;TYSS-4F-019&amp;apos;, ip: &amp;apos;10.10.14.113&amp;apos;, os.name: &amp;apos;Windows 10&amp;apos;, os.arch: &amp;apos;amd64&amp;apos;, os.version: &amp;apos;10.0&amp;apos;, java.version: &amp;apos;1.8.0_121&amp;apos;
Driver info: org.openqa.selenium.firefox.FirefoxDriver
Capabilities [{moz:profile=C:\Users\TYSS\AppData\Local\Temp\rust_mozprofile.ZJlygednfg1g, rotatable=false, timeouts={implicit=0, pageLoad=300000, script=30000}, pageLoadStrategy=normal, moz:headless=false, platform=XP, specificationLevel=0, moz:accessibilityChecks=false, acceptInsecureCerts=true, browserVersion=56.0.1, platformVersion=10.0, moz:processID=4584, browserName=firefox, javascriptEnabled=true, platformName=XP}]
Session ID: d9dd1994-6cc6-4a5e-8834-f19922e691ec">
      <![CDATA[org.openqa.selenium.ElementNotInteractableException: Element is not visible
Build info: version: '3.6.0', revision: '6fbf3ec767', time: '2017-09-27T16:15:40.131Z'
System info: host: 'TYSS-4F-019', ip: '10.10.14.113', os.name: 'Windows 10', os.arch: 'amd64', os.version: '10.0', java.version: '1.8.0_121'
Driver info: org.openqa.selenium.firefox.FirefoxDriver
Capabilities [{moz:profile=C:\Users\TYSS\AppData\Local\Temp\rust_mozprofile.ZJlygednfg1g, rotatable=false, timeouts={implicit=0, pageLoad=300000, script=30000}, pageLoadStrategy=normal, moz:headless=false, platform=XP, specificationLevel=0, moz:accessibilityChecks=false, acceptInsecureCerts=true, browserVersion=56.0.1, platformVersion=10.0, moz:processID=4584, browserName=firefox, javascriptEnabled=true, platformName=XP}]
Session ID: d9dd1994-6cc6-4a5e-8834-f19922e691ec
	at org.openqa.selenium.remote.http.W3CHttpResponseCodec.createException(W3CHttpResponseCodec.java:185)
	at org.openqa.selenium.remote.http.W3CHttpResponseCodec.decode(W3CHttpResponseCodec.java:120)
	at org.openqa.selenium.remote.http.W3CHttpResponseCodec.decode(W3CHttpResponseCodec.java:49)
	at org.openqa.selenium.remote.HttpCommandExecutor.execute(HttpCommandExecutor.java:164)
	at org.openqa.selenium.remote.service.DriverCommandExecutor.execute(DriverCommandExecutor.java:83)
	at org.openqa.selenium.remote.RemoteWebDriver.execute(RemoteWebDriver.java:586)
	at org.openqa.selenium.remote.RemoteWebElement.execute(RemoteWebElement.java:279)
	at org.openqa.selenium.remote.RemoteWebElement.sendKeys(RemoteWebElement.java:100)
	at org.openqa.selenium.support.pagefactory.internal.LocatingElementHandler.invoke(LocatingElementHandler.java:51)
	at com.sun.proxy.$Proxy9.sendKeys(Unknown Source)
	at POM.LoginPage.loginmail(LoginPage.java:30)
	at SCRIPTS.Testscript14.testvalidlogonlogout14(Testscript14.java:18)
... Removed 32 stack frames]]>
    </failure>
  </testcase> <!-- testvalidlogonlogout14 -->
  <testcase name="testvalidlogonlogout15" time="0.281" classname="SCRIPTS.Testscript15">
    <failure type="org.openqa.selenium.ElementNotInteractableException" message="Element is not visible
Build info: version: &amp;apos;3.6.0&amp;apos;, revision: &amp;apos;6fbf3ec767&amp;apos;, time: &amp;apos;2017-09-27T16:15:40.131Z&amp;apos;
System info: host: &amp;apos;TYSS-4F-019&amp;apos;, ip: &amp;apos;10.10.14.113&amp;apos;, os.name: &amp;apos;Windows 10&amp;apos;, os.arch: &amp;apos;amd64&amp;apos;, os.version: &amp;apos;10.0&amp;apos;, java.version: &amp;apos;1.8.0_121&amp;apos;
Driver info: org.openqa.selenium.firefox.FirefoxDriver
Capabilities [{moz:profile=C:\Users\TYSS\AppData\Local\Temp\rust_mozprofile.ZJlygednfg1g, rotatable=false, timeouts={implicit=0, pageLoad=300000, script=30000}, pageLoadStrategy=normal, moz:headless=false, platform=XP, specificationLevel=0, moz:accessibilityChecks=false, acceptInsecureCerts=true, browserVersion=56.0.1, platformVersion=10.0, moz:processID=4584, browserName=firefox, javascriptEnabled=true, platformName=XP}]
Session ID: d9dd1994-6cc6-4a5e-8834-f19922e691ec">
      <![CDATA[org.openqa.selenium.ElementNotInteractableException: Element is not visible
Build info: version: '3.6.0', revision: '6fbf3ec767', time: '2017-09-27T16:15:40.131Z'
System info: host: 'TYSS-4F-019', ip: '10.10.14.113', os.name: 'Windows 10', os.arch: 'amd64', os.version: '10.0', java.version: '1.8.0_121'
Driver info: org.openqa.selenium.firefox.FirefoxDriver
Capabilities [{moz:profile=C:\Users\TYSS\AppData\Local\Temp\rust_mozprofile.ZJlygednfg1g, rotatable=false, timeouts={implicit=0, pageLoad=300000, script=30000}, pageLoadStrategy=normal, moz:headless=false, platform=XP, specificationLevel=0, moz:accessibilityChecks=false, acceptInsecureCerts=true, browserVersion=56.0.1, platformVersion=10.0, moz:processID=4584, browserName=firefox, javascriptEnabled=true, platformName=XP}]
Session ID: d9dd1994-6cc6-4a5e-8834-f19922e691ec
	at org.openqa.selenium.remote.http.W3CHttpResponseCodec.createException(W3CHttpResponseCodec.java:185)
	at org.openqa.selenium.remote.http.W3CHttpResponseCodec.decode(W3CHttpResponseCodec.java:120)
	at org.openqa.selenium.remote.http.W3CHttpResponseCodec.decode(W3CHttpResponseCodec.java:49)
	at org.openqa.selenium.remote.HttpCommandExecutor.execute(HttpCommandExecutor.java:164)
	at org.openqa.selenium.remote.service.DriverCommandExecutor.execute(DriverCommandExecutor.java:83)
	at org.openqa.selenium.remote.RemoteWebDriver.execute(RemoteWebDriver.java:586)
	at org.openqa.selenium.remote.RemoteWebElement.execute(RemoteWebElement.java:279)
	at org.openqa.selenium.remote.RemoteWebElement.sendKeys(RemoteWebElement.java:100)
	at org.openqa.selenium.support.pagefactory.internal.LocatingElementHandler.invoke(LocatingElementHandler.java:51)
	at com.sun.proxy.$Proxy9.sendKeys(Unknown Source)
	at POM.LoginPage.loginmail(LoginPage.java:30)
	at SCRIPTS.Testscript15.testvalidlogonlogout15(Testscript15.java:21)
... Removed 32 stack frames]]>
    </failure>
  </testcase> <!-- testvalidlogonlogout15 -->
  <testcase name="@BeforeTest openapp" time="0.0" classname="UNIVERSAL.Basetest">
    <ignored/>
  </testcase> <!-- @BeforeTest openapp -->
  <testcase name="@BeforeTest openapp" time="0.0" classname="UNIVERSAL.Basetest">
    <ignored/>
  </testcase> <!-- @BeforeTest openapp -->
  <testcase name="@BeforeTest openapp" time="0.0" classname="UNIVERSAL.Basetest">
    <ignored/>
  </testcase> <!-- @BeforeTest openapp -->
  <testcase name="@BeforeTest openapp" time="0.0" classname="UNIVERSAL.Basetest">
    <ignored/>
  </testcase> <!-- @BeforeTest openapp -->
  <testcase name="@BeforeTest openapp" time="0.0" classname="UNIVERSAL.Basetest">
    <ignored/>
  </testcase> <!-- @BeforeTest openapp -->
  <testcase name="@BeforeTest openapp" time="0.0" classname="UNIVERSAL.Basetest">
    <ignored/>
  </testcase> <!-- @BeforeTest openapp -->
  <testcase name="@BeforeTest openapp" time="0.0" classname="UNIVERSAL.Basetest">
    <ignored/>
  </testcase> <!-- @BeforeTest openapp -->
  <testcase name="@BeforeTest openapp" time="0.0" classname="UNIVERSAL.Basetest">
    <ignored/>
  </testcase> <!-- @BeforeTest openapp -->
  <testcase name="@BeforeTest openapp" time="0.0" classname="UNIVERSAL.Basetest">
    <ignored/>
  </testcase> <!-- @BeforeTest openapp -->
  <testcase name="@BeforeTest openapp" time="0.0" classname="UNIVERSAL.Basetest">
    <ignored/>
  </testcase> <!-- @BeforeTest openapp -->
  <testcase name="@BeforeTest openapp" time="0.0" classname="UNIVERSAL.Basetest">
    <ignored/>
  </testcase> <!-- @BeforeTest openapp -->
  <testcase name="@BeforeTest openapp" time="0.0" classname="UNIVERSAL.Basetest">
    <ignored/>
  </testcase> <!-- @BeforeTest openapp -->
  <testcase name="@BeforeTest openapp" time="0.0" classname="UNIVERSAL.Basetest">
    <ignored/>
  </testcase> <!-- @BeforeTest openapp -->
  <testcase name="@BeforeTest openapp" time="0.0" classname="UNIVERSAL.Basetest">
    <ignored/>
  </testcase> <!-- @BeforeTest openapp -->
  <testcase name="@AfterTest closeapp" time="0.0" classname="UNIVERSAL.Basetest">
    <ignored/>
  </testcase> <!-- @AfterTest closeapp -->
  <testcase name="@AfterTest closeapp" time="0.0" classname="UNIVERSAL.Basetest">
    <ignored/>
  </testcase> <!-- @AfterTest closeapp -->
  <testcase name="@AfterTest closeapp" time="0.0" classname="UNIVERSAL.Basetest">
    <ignored/>
  </testcase> <!-- @AfterTest closeapp -->
  <testcase name="@AfterTest closeapp" time="0.0" classname="UNIVERSAL.Basetest">
    <ignored/>
  </testcase> <!-- @AfterTest closeapp -->
  <testcase name="@AfterTest closeapp" time="0.0" classname="UNIVERSAL.Basetest">
    <ignored/>
  </testcase> <!-- @AfterTest closeapp -->
  <testcase name="@AfterTest closeapp" time="0.0" classname="UNIVERSAL.Basetest">
    <ignored/>
  </testcase> <!-- @AfterTest closeapp -->
  <testcase name="@AfterTest closeapp" time="0.0" classname="UNIVERSAL.Basetest">
    <ignored/>
  </testcase> <!-- @AfterTest closeapp -->
  <testcase name="@AfterTest closeapp" time="0.0" classname="UNIVERSAL.Basetest">
    <ignored/>
  </testcase> <!-- @AfterTest closeapp -->
  <testcase name="@AfterTest closeapp" time="0.0" classname="UNIVERSAL.Basetest">
    <ignored/>
  </testcase> <!-- @AfterTest closeapp -->
  <testcase name="@AfterTest closeapp" time="0.0" classname="UNIVERSAL.Basetest">
    <ignored/>
  </testcase> <!-- @AfterTest closeapp -->
  <testcase name="@AfterTest closeapp" time="0.0" classname="UNIVERSAL.Basetest">
    <ignored/>
  </testcase> <!-- @AfterTest closeapp -->
  <testcase name="@AfterTest closeapp" time="0.0" classname="UNIVERSAL.Basetest">
    <ignored/>
  </testcase> <!-- @AfterTest closeapp -->
  <testcase name="@AfterTest closeapp" time="0.0" classname="UNIVERSAL.Basetest">
    <ignored/>
  </testcase> <!-- @AfterTest closeapp -->
  <testcase name="@AfterTest closeapp" time="0.0" classname="UNIVERSAL.Basetest">
    <ignored/>
  </testcase> <!-- @AfterTest closeapp -->
</testsuite> <!-- Test -->
