<?xml version="1.0" encoding="UTF-8"?>
<!-- Generated by org.testng.reporters.JUnitXMLReporter -->
<testsuite hostname="TYSS-4F-019" ignored="28" name="Test" tests="15" failures="14" timestamp="08 Nov 2017 09:33:15 GMT" time="90.484" errors="0">
  <testcase name="testvalidlogonlogout" time="49.151" classname="SCRIPTS.Testscript1"/>
  <testcase name="testvalidlogonlogout2" time="6.949" classname="SCRIPTS.Testscript2">
    <failure type="org.openqa.selenium.ElementNotInteractableException" message="Element is not visible
Build info: version: &amp;apos;3.6.0&amp;apos;, revision: &amp;apos;6fbf3ec767&amp;apos;, time: &amp;apos;2017-09-27T16:15:40.131Z&amp;apos;
System info: host: &amp;apos;TYSS-4F-019&amp;apos;, ip: &amp;apos;10.10.14.113&amp;apos;, os.name: &amp;apos;Windows 10&amp;apos;, os.arch: &amp;apos;amd64&amp;apos;, os.version: &amp;apos;10.0&amp;apos;, java.version: &amp;apos;1.8.0_121&amp;apos;
Driver info: org.openqa.selenium.firefox.FirefoxDriver
Capabilities [{moz:profile=C:\Users\TYSS\AppData\Local\Temp\rust_mozprofile.oJnoXBgj2Hyf, rotatable=false, timeouts={implicit=0, pageLoad=300000, script=30000}, pageLoadStrategy=normal, moz:headless=false, platform=XP, specificationLevel=0, moz:accessibilityChecks=false, acceptInsecureCerts=true, browserVersion=56.0.1, platformVersion=10.0, moz:processID=8084, browserName=firefox, javascriptEnabled=true, platformName=XP}]
Session ID: 1a3cfbe6-3a16-45aa-b303-6205fc701108">
      <![CDATA[org.openqa.selenium.ElementNotInteractableException: Element is not visible
Build info: version: '3.6.0', revision: '6fbf3ec767', time: '2017-09-27T16:15:40.131Z'
System info: host: 'TYSS-4F-019', ip: '10.10.14.113', os.name: 'Windows 10', os.arch: 'amd64', os.version: '10.0', java.version: '1.8.0_121'
Driver info: org.openqa.selenium.firefox.FirefoxDriver
Capabilities [{moz:profile=C:\Users\TYSS\AppData\Local\Temp\rust_mozprofile.oJnoXBgj2Hyf, rotatable=false, timeouts={implicit=0, pageLoad=300000, script=30000}, pageLoadStrategy=normal, moz:headless=false, platform=XP, specificationLevel=0, moz:accessibilityChecks=false, acceptInsecureCerts=true, browserVersion=56.0.1, platformVersion=10.0, moz:processID=8084, browserName=firefox, javascriptEnabled=true, platformName=XP}]
Session ID: 1a3cfbe6-3a16-45aa-b303-6205fc701108
	at org.openqa.selenium.remote.http.W3CHttpResponseCodec.createException(W3CHttpResponseCodec.java:185)
	at org.openqa.selenium.remote.http.W3CHttpResponseCodec.decode(W3CHttpResponseCodec.java:120)
	at org.openqa.selenium.remote.http.W3CHttpResponseCodec.decode(W3CHttpResponseCodec.java:49)
	at org.openqa.selenium.remote.HttpCommandExecutor.execute(HttpCommandExecutor.java:164)
	at org.openqa.selenium.remote.service.DriverCommandExecutor.execute(DriverCommandExecutor.java:83)
	at org.openqa.selenium.remote.RemoteWebDriver.execute(RemoteWebDriver.java:586)
	at org.openqa.selenium.remote.RemoteWebElement.execute(RemoteWebElement.java:279)
	at org.openqa.selenium.remote.RemoteWebElement.sendKeys(RemoteWebElement.java:100)
	at org.openqa.selenium.support.pagefactory.internal.LocatingElementHandler.invoke(LocatingElementHandler.java:51)
	at com.sun.proxy.$Proxy9.sendKeys(Unknown Source)
	at POM.LoginPage.loginmail(LoginPage.java:30)
	at SCRIPTS.Testscript2.testvalidlogonlogout2(Testscript2.java:19)
... Removed 33 stack frames]]>
    </failure>
  </testcase> <!-- testvalidlogonlogout2 -->
  <testcase name="testvalidlogonlogout3" time="0.328" classname="SCRIPTS.Testscript3">
    <failure type="org.openqa.selenium.ElementNotInteractableException" message="Element is not visible
Build info: version: &amp;apos;3.6.0&amp;apos;, revision: &amp;apos;6fbf3ec767&amp;apos;, time: &amp;apos;2017-09-27T16:15:40.131Z&amp;apos;
System info: host: &amp;apos;TYSS-4F-019&amp;apos;, ip: &amp;apos;10.10.14.113&amp;apos;, os.name: &amp;apos;Windows 10&amp;apos;, os.arch: &amp;apos;amd64&amp;apos;, os.version: &amp;apos;10.0&amp;apos;, java.version: &amp;apos;1.8.0_121&amp;apos;
Driver info: org.openqa.selenium.firefox.FirefoxDriver
Capabilities [{moz:profile=C:\Users\TYSS\AppData\Local\Temp\rust_mozprofile.oJnoXBgj2Hyf, rotatable=false, timeouts={implicit=0, pageLoad=300000, script=30000}, pageLoadStrategy=normal, moz:headless=false, platform=XP, specificationLevel=0, moz:accessibilityChecks=false, acceptInsecureCerts=true, browserVersion=56.0.1, platformVersion=10.0, moz:processID=8084, browserName=firefox, javascriptEnabled=true, platformName=XP}]
Session ID: 1a3cfbe6-3a16-45aa-b303-6205fc701108">
      <![CDATA[org.openqa.selenium.ElementNotInteractableException: Element is not visible
Build info: version: '3.6.0', revision: '6fbf3ec767', time: '2017-09-27T16:15:40.131Z'
System info: host: 'TYSS-4F-019', ip: '10.10.14.113', os.name: 'Windows 10', os.arch: 'amd64', os.version: '10.0', java.version: '1.8.0_121'
Driver info: org.openqa.selenium.firefox.FirefoxDriver
Capabilities [{moz:profile=C:\Users\TYSS\AppData\Local\Temp\rust_mozprofile.oJnoXBgj2Hyf, rotatable=false, timeouts={implicit=0, pageLoad=300000, script=30000}, pageLoadStrategy=normal, moz:headless=false, platform=XP, specificationLevel=0, moz:accessibilityChecks=false, acceptInsecureCerts=true, browserVersion=56.0.1, platformVersion=10.0, moz:processID=8084, browserName=firefox, javascriptEnabled=true, platformName=XP}]
Session ID: 1a3cfbe6-3a16-45aa-b303-6205fc701108
	at org.openqa.selenium.remote.http.W3CHttpResponseCodec.createException(W3CHttpResponseCodec.java:185)
	at org.openqa.selenium.remote.http.W3CHttpResponseCodec.decode(W3CHttpResponseCodec.java:120)
	at org.openqa.selenium.remote.http.W3CHttpResponseCodec.decode(W3CHttpResponseCodec.java:49)
	at org.openqa.selenium.remote.HttpCommandExecutor.execute(HttpCommandExecutor.java:164)
	at org.openqa.selenium.remote.service.DriverCommandExecutor.execute(DriverCommandExecutor.java:83)
	at org.openqa.selenium.remote.RemoteWebDriver.execute(RemoteWebDriver.java:586)
	at org.openqa.selenium.remote.RemoteWebElement.execute(RemoteWebElement.java:279)
	at org.openqa.selenium.remote.RemoteWebElement.sendKeys(RemoteWebElement.java:100)
	at org.openqa.selenium.support.pagefactory.internal.LocatingElementHandler.invoke(LocatingElementHandler.java:51)
	at com.sun.proxy.$Proxy9.sendKeys(Unknown Source)
	at POM.LoginPage.loginmail(LoginPage.java:30)
	at SCRIPTS.Testscript3.testvalidlogonlogout3(Testscript3.java:20)
... Removed 33 stack frames]]>
    </failure>
  </testcase> <!-- testvalidlogonlogout3 -->
  <testcase name="testvalidlogonlogout4" time="9.393" classname="SCRIPTS.Testscript4">
    <failure type="org.openqa.selenium.ElementNotInteractableException" message="Element is not visible
Build info: version: &amp;apos;3.6.0&amp;apos;, revision: &amp;apos;6fbf3ec767&amp;apos;, time: &amp;apos;2017-09-27T16:15:40.131Z&amp;apos;
System info: host: &amp;apos;TYSS-4F-019&amp;apos;, ip: &amp;apos;10.10.14.113&amp;apos;, os.name: &amp;apos;Windows 10&amp;apos;, os.arch: &amp;apos;amd64&amp;apos;, os.version: &amp;apos;10.0&amp;apos;, java.version: &amp;apos;1.8.0_121&amp;apos;
Driver info: org.openqa.selenium.firefox.FirefoxDriver
Capabilities [{moz:profile=C:\Users\TYSS\AppData\Local\Temp\rust_mozprofile.oJnoXBgj2Hyf, rotatable=false, timeouts={implicit=0, pageLoad=300000, script=30000}, pageLoadStrategy=normal, moz:headless=false, platform=XP, specificationLevel=0, moz:accessibilityChecks=false, acceptInsecureCerts=true, browserVersion=56.0.1, platformVersion=10.0, moz:processID=8084, browserName=firefox, javascriptEnabled=true, platformName=XP}]
Session ID: 1a3cfbe6-3a16-45aa-b303-6205fc701108">
      <![CDATA[org.openqa.selenium.ElementNotInteractableException: Element is not visible
Build info: version: '3.6.0', revision: '6fbf3ec767', time: '2017-09-27T16:15:40.131Z'
System info: host: 'TYSS-4F-019', ip: '10.10.14.113', os.name: 'Windows 10', os.arch: 'amd64', os.version: '10.0', java.version: '1.8.0_121'
Driver info: org.openqa.selenium.firefox.FirefoxDriver
Capabilities [{moz:profile=C:\Users\TYSS\AppData\Local\Temp\rust_mozprofile.oJnoXBgj2Hyf, rotatable=false, timeouts={implicit=0, pageLoad=300000, script=30000}, pageLoadStrategy=normal, moz:headless=false, platform=XP, specificationLevel=0, moz:accessibilityChecks=false, acceptInsecureCerts=true, browserVersion=56.0.1, platformVersion=10.0, moz:processID=8084, browserName=firefox, javascriptEnabled=true, platformName=XP}]
Session ID: 1a3cfbe6-3a16-45aa-b303-6205fc701108
	at org.openqa.selenium.remote.http.W3CHttpResponseCodec.createException(W3CHttpResponseCodec.java:185)
	at org.openqa.selenium.remote.http.W3CHttpResponseCodec.decode(W3CHttpResponseCodec.java:120)
	at org.openqa.selenium.remote.http.W3CHttpResponseCodec.decode(W3CHttpResponseCodec.java:49)
	at org.openqa.selenium.remote.HttpCommandExecutor.execute(HttpCommandExecutor.java:164)
	at org.openqa.selenium.remote.service.DriverCommandExecutor.execute(DriverCommandExecutor.java:83)
	at org.openqa.selenium.remote.RemoteWebDriver.execute(RemoteWebDriver.java:586)
	at org.openqa.selenium.remote.RemoteWebElement.execute(RemoteWebElement.java:279)
	at org.openqa.selenium.remote.RemoteWebElement.sendKeys(RemoteWebElement.java:100)
	at org.openqa.selenium.support.pagefactory.internal.LocatingElementHandler.invoke(LocatingElementHandler.java:51)
	at com.sun.proxy.$Proxy9.sendKeys(Unknown Source)
	at POM.Festivalsaree.selectdeblousecolfn(Festivalsaree.java:59)
	at SCRIPTS.Testscript4.testvalidlogonlogout4(Testscript4.java:28)
... Removed 33 stack frames]]>
    </failure>
  </testcase> <!-- testvalidlogonlogout4 -->
  <testcase name="testvalidlogonlogout5" time="0.106" classname="SCRIPTS.Testscript5">
    <failure type="org.openqa.selenium.StaleElementReferenceException" message="The element reference of &amp;lt;span class=&amp;quot;hidden-xs user-name&amp;quot;&amp;gt; stale: either the element is no longer attached to the DOM or the page has been refreshed
For documentation on this error, please visit: http://seleniumhq.org/exceptions/stale_element_reference.html
Build info: version: &amp;apos;3.6.0&amp;apos;, revision: &amp;apos;6fbf3ec767&amp;apos;, time: &amp;apos;2017-09-27T16:15:40.131Z&amp;apos;
System info: host: &amp;apos;TYSS-4F-019&amp;apos;, ip: &amp;apos;10.10.14.113&amp;apos;, os.name: &amp;apos;Windows 10&amp;apos;, os.arch: &amp;apos;amd64&amp;apos;, os.version: &amp;apos;10.0&amp;apos;, java.version: &amp;apos;1.8.0_121&amp;apos;
Driver info: org.openqa.selenium.firefox.FirefoxDriver
Capabilities [{moz:profile=C:\Users\TYSS\AppData\Local\Temp\rust_mozprofile.oJnoXBgj2Hyf, rotatable=false, timeouts={implicit=0, pageLoad=300000, script=30000}, pageLoadStrategy=normal, moz:headless=false, platform=XP, specificationLevel=0, moz:accessibilityChecks=false, acceptInsecureCerts=true, browserVersion=56.0.1, platformVersion=10.0, moz:processID=8084, browserName=firefox, javascriptEnabled=true, platformName=XP}]
Session ID: 1a3cfbe6-3a16-45aa-b303-6205fc701108">
      <![CDATA[org.openqa.selenium.StaleElementReferenceException: The element reference of <span class="hidden-xs user-name"> stale: either the element is no longer attached to the DOM or the page has been refreshed
For documentation on this error, please visit: http://seleniumhq.org/exceptions/stale_element_reference.html
Build info: version: '3.6.0', revision: '6fbf3ec767', time: '2017-09-27T16:15:40.131Z'
System info: host: 'TYSS-4F-019', ip: '10.10.14.113', os.name: 'Windows 10', os.arch: 'amd64', os.version: '10.0', java.version: '1.8.0_121'
Driver info: org.openqa.selenium.firefox.FirefoxDriver
Capabilities [{moz:profile=C:\Users\TYSS\AppData\Local\Temp\rust_mozprofile.oJnoXBgj2Hyf, rotatable=false, timeouts={implicit=0, pageLoad=300000, script=30000}, pageLoadStrategy=normal, moz:headless=false, platform=XP, specificationLevel=0, moz:accessibilityChecks=false, acceptInsecureCerts=true, browserVersion=56.0.1, platformVersion=10.0, moz:processID=8084, browserName=firefox, javascriptEnabled=true, platformName=XP}]
Session ID: 1a3cfbe6-3a16-45aa-b303-6205fc701108
	at org.openqa.selenium.remote.http.W3CHttpResponseCodec.createException(W3CHttpResponseCodec.java:185)
	at org.openqa.selenium.remote.http.W3CHttpResponseCodec.decode(W3CHttpResponseCodec.java:120)
	at org.openqa.selenium.remote.http.W3CHttpResponseCodec.decode(W3CHttpResponseCodec.java:49)
	at org.openqa.selenium.remote.HttpCommandExecutor.execute(HttpCommandExecutor.java:164)
	at org.openqa.selenium.remote.service.DriverCommandExecutor.execute(DriverCommandExecutor.java:83)
	at org.openqa.selenium.remote.RemoteWebDriver.execute(RemoteWebDriver.java:586)
	at org.openqa.selenium.remote.RemoteWebElement.execute(RemoteWebElement.java:279)
	at org.openqa.selenium.remote.RemoteWebElement.click(RemoteWebElement.java:83)
	at org.openqa.selenium.support.pagefactory.internal.LocatingElementHandler.invoke(LocatingElementHandler.java:51)
	at com.sun.proxy.$Proxy9.click(Unknown Source)
	at POM.LoginPage.signinbtn(LoginPage.java:25)
	at SCRIPTS.Testscript5.testvalidlogonlogout5(Testscript5.java:18)
... Removed 33 stack frames]]>
    </failure>
  </testcase> <!-- testvalidlogonlogout5 -->
  <testcase name="testvalidlogonlogout6" time="0.395" classname="SCRIPTS.Testscript6">
    <failure type="org.openqa.selenium.ElementNotInteractableException" message="Element is not visible
Build info: version: &amp;apos;3.6.0&amp;apos;, revision: &amp;apos;6fbf3ec767&amp;apos;, time: &amp;apos;2017-09-27T16:15:40.131Z&amp;apos;
System info: host: &amp;apos;TYSS-4F-019&amp;apos;, ip: &amp;apos;10.10.14.113&amp;apos;, os.name: &amp;apos;Windows 10&amp;apos;, os.arch: &amp;apos;amd64&amp;apos;, os.version: &amp;apos;10.0&amp;apos;, java.version: &amp;apos;1.8.0_121&amp;apos;
Driver info: org.openqa.selenium.firefox.FirefoxDriver
Capabilities [{moz:profile=C:\Users\TYSS\AppData\Local\Temp\rust_mozprofile.oJnoXBgj2Hyf, rotatable=false, timeouts={implicit=0, pageLoad=300000, script=30000}, pageLoadStrategy=normal, moz:headless=false, platform=XP, specificationLevel=0, moz:accessibilityChecks=false, acceptInsecureCerts=true, browserVersion=56.0.1, platformVersion=10.0, moz:processID=8084, browserName=firefox, javascriptEnabled=true, platformName=XP}]
Session ID: 1a3cfbe6-3a16-45aa-b303-6205fc701108">
      <![CDATA[org.openqa.selenium.ElementNotInteractableException: Element is not visible
Build info: version: '3.6.0', revision: '6fbf3ec767', time: '2017-09-27T16:15:40.131Z'
System info: host: 'TYSS-4F-019', ip: '10.10.14.113', os.name: 'Windows 10', os.arch: 'amd64', os.version: '10.0', java.version: '1.8.0_121'
Driver info: org.openqa.selenium.firefox.FirefoxDriver
Capabilities [{moz:profile=C:\Users\TYSS\AppData\Local\Temp\rust_mozprofile.oJnoXBgj2Hyf, rotatable=false, timeouts={implicit=0, pageLoad=300000, script=30000}, pageLoadStrategy=normal, moz:headless=false, platform=XP, specificationLevel=0, moz:accessibilityChecks=false, acceptInsecureCerts=true, browserVersion=56.0.1, platformVersion=10.0, moz:processID=8084, browserName=firefox, javascriptEnabled=true, platformName=XP}]
Session ID: 1a3cfbe6-3a16-45aa-b303-6205fc701108
	at org.openqa.selenium.remote.http.W3CHttpResponseCodec.createException(W3CHttpResponseCodec.java:185)
	at org.openqa.selenium.remote.http.W3CHttpResponseCodec.decode(W3CHttpResponseCodec.java:120)
	at org.openqa.selenium.remote.http.W3CHttpResponseCodec.decode(W3CHttpResponseCodec.java:49)
	at org.openqa.selenium.remote.HttpCommandExecutor.execute(HttpCommandExecutor.java:164)
	at org.openqa.selenium.remote.service.DriverCommandExecutor.execute(DriverCommandExecutor.java:83)
	at org.openqa.selenium.remote.RemoteWebDriver.execute(RemoteWebDriver.java:586)
	at org.openqa.selenium.remote.RemoteWebElement.execute(RemoteWebElement.java:279)
	at org.openqa.selenium.remote.RemoteWebElement.sendKeys(RemoteWebElement.java:100)
	at org.openqa.selenium.support.pagefactory.internal.LocatingElementHandler.invoke(LocatingElementHandler.java:51)
	at com.sun.proxy.$Proxy9.sendKeys(Unknown Source)
	at POM.LoginPage.loginmail(LoginPage.java:30)
	at SCRIPTS.Testscript6.testvalidlogonlogout6(Testscript6.java:18)
... Removed 33 stack frames]]>
    </failure>
  </testcase> <!-- testvalidlogonlogout6 -->
  <testcase name="testvalidlogonlogout7" time="0.556" classname="SCRIPTS.Testscript7">
    <failure type="org.openqa.selenium.ElementNotInteractableException" message="Element is not visible
Build info: version: &amp;apos;3.6.0&amp;apos;, revision: &amp;apos;6fbf3ec767&amp;apos;, time: &amp;apos;2017-09-27T16:15:40.131Z&amp;apos;
System info: host: &amp;apos;TYSS-4F-019&amp;apos;, ip: &amp;apos;10.10.14.113&amp;apos;, os.name: &amp;apos;Windows 10&amp;apos;, os.arch: &amp;apos;amd64&amp;apos;, os.version: &amp;apos;10.0&amp;apos;, java.version: &amp;apos;1.8.0_121&amp;apos;
Driver info: org.openqa.selenium.firefox.FirefoxDriver
Capabilities [{moz:profile=C:\Users\TYSS\AppData\Local\Temp\rust_mozprofile.oJnoXBgj2Hyf, rotatable=false, timeouts={implicit=0, pageLoad=300000, script=30000}, pageLoadStrategy=normal, moz:headless=false, platform=XP, specificationLevel=0, moz:accessibilityChecks=false, acceptInsecureCerts=true, browserVersion=56.0.1, platformVersion=10.0, moz:processID=8084, browserName=firefox, javascriptEnabled=true, platformName=XP}]
Session ID: 1a3cfbe6-3a16-45aa-b303-6205fc701108">
      <![CDATA[org.openqa.selenium.ElementNotInteractableException: Element is not visible
Build info: version: '3.6.0', revision: '6fbf3ec767', time: '2017-09-27T16:15:40.131Z'
System info: host: 'TYSS-4F-019', ip: '10.10.14.113', os.name: 'Windows 10', os.arch: 'amd64', os.version: '10.0', java.version: '1.8.0_121'
Driver info: org.openqa.selenium.firefox.FirefoxDriver
Capabilities [{moz:profile=C:\Users\TYSS\AppData\Local\Temp\rust_mozprofile.oJnoXBgj2Hyf, rotatable=false, timeouts={implicit=0, pageLoad=300000, script=30000}, pageLoadStrategy=normal, moz:headless=false, platform=XP, specificationLevel=0, moz:accessibilityChecks=false, acceptInsecureCerts=true, browserVersion=56.0.1, platformVersion=10.0, moz:processID=8084, browserName=firefox, javascriptEnabled=true, platformName=XP}]
Session ID: 1a3cfbe6-3a16-45aa-b303-6205fc701108
	at org.openqa.selenium.remote.http.W3CHttpResponseCodec.createException(W3CHttpResponseCodec.java:185)
	at org.openqa.selenium.remote.http.W3CHttpResponseCodec.decode(W3CHttpResponseCodec.java:120)
	at org.openqa.selenium.remote.http.W3CHttpResponseCodec.decode(W3CHttpResponseCodec.java:49)
	at org.openqa.selenium.remote.HttpCommandExecutor.execute(HttpCommandExecutor.java:164)
	at org.openqa.selenium.remote.service.DriverCommandExecutor.execute(DriverCommandExecutor.java:83)
	at org.openqa.selenium.remote.RemoteWebDriver.execute(RemoteWebDriver.java:586)
	at org.openqa.selenium.remote.RemoteWebElement.execute(RemoteWebElement.java:279)
	at org.openqa.selenium.remote.RemoteWebElement.sendKeys(RemoteWebElement.java:100)
	at org.openqa.selenium.support.pagefactory.internal.LocatingElementHandler.invoke(LocatingElementHandler.java:51)
	at com.sun.proxy.$Proxy9.sendKeys(Unknown Source)
	at POM.LoginPage.loginmail(LoginPage.java:30)
	at SCRIPTS.Testscript7.testvalidlogonlogout7(Testscript7.java:18)
... Removed 33 stack frames]]>
    </failure>
  </testcase> <!-- testvalidlogonlogout7 -->
  <testcase name="testvalidlogonlogout8" time="0.497" classname="SCRIPTS.Testscript8">
    <failure type="org.openqa.selenium.ElementNotInteractableException" message="Element is not visible
Build info: version: &amp;apos;3.6.0&amp;apos;, revision: &amp;apos;6fbf3ec767&amp;apos;, time: &amp;apos;2017-09-27T16:15:40.131Z&amp;apos;
System info: host: &amp;apos;TYSS-4F-019&amp;apos;, ip: &amp;apos;10.10.14.113&amp;apos;, os.name: &amp;apos;Windows 10&amp;apos;, os.arch: &amp;apos;amd64&amp;apos;, os.version: &amp;apos;10.0&amp;apos;, java.version: &amp;apos;1.8.0_121&amp;apos;
Driver info: org.openqa.selenium.firefox.FirefoxDriver
Capabilities [{moz:profile=C:\Users\TYSS\AppData\Local\Temp\rust_mozprofile.oJnoXBgj2Hyf, rotatable=false, timeouts={implicit=0, pageLoad=300000, script=30000}, pageLoadStrategy=normal, moz:headless=false, platform=XP, specificationLevel=0, moz:accessibilityChecks=false, acceptInsecureCerts=true, browserVersion=56.0.1, platformVersion=10.0, moz:processID=8084, browserName=firefox, javascriptEnabled=true, platformName=XP}]
Session ID: 1a3cfbe6-3a16-45aa-b303-6205fc701108">
      <![CDATA[org.openqa.selenium.ElementNotInteractableException: Element is not visible
Build info: version: '3.6.0', revision: '6fbf3ec767', time: '2017-09-27T16:15:40.131Z'
System info: host: 'TYSS-4F-019', ip: '10.10.14.113', os.name: 'Windows 10', os.arch: 'amd64', os.version: '10.0', java.version: '1.8.0_121'
Driver info: org.openqa.selenium.firefox.FirefoxDriver
Capabilities [{moz:profile=C:\Users\TYSS\AppData\Local\Temp\rust_mozprofile.oJnoXBgj2Hyf, rotatable=false, timeouts={implicit=0, pageLoad=300000, script=30000}, pageLoadStrategy=normal, moz:headless=false, platform=XP, specificationLevel=0, moz:accessibilityChecks=false, acceptInsecureCerts=true, browserVersion=56.0.1, platformVersion=10.0, moz:processID=8084, browserName=firefox, javascriptEnabled=true, platformName=XP}]
Session ID: 1a3cfbe6-3a16-45aa-b303-6205fc701108
	at org.openqa.selenium.remote.http.W3CHttpResponseCodec.createException(W3CHttpResponseCodec.java:185)
	at org.openqa.selenium.remote.http.W3CHttpResponseCodec.decode(W3CHttpResponseCodec.java:120)
	at org.openqa.selenium.remote.http.W3CHttpResponseCodec.decode(W3CHttpResponseCodec.java:49)
	at org.openqa.selenium.remote.HttpCommandExecutor.execute(HttpCommandExecutor.java:164)
	at org.openqa.selenium.remote.service.DriverCommandExecutor.execute(DriverCommandExecutor.java:83)
	at org.openqa.selenium.remote.RemoteWebDriver.execute(RemoteWebDriver.java:586)
	at org.openqa.selenium.remote.RemoteWebElement.execute(RemoteWebElement.java:279)
	at org.openqa.selenium.remote.RemoteWebElement.sendKeys(RemoteWebElement.java:100)
	at org.openqa.selenium.support.pagefactory.internal.LocatingElementHandler.invoke(LocatingElementHandler.java:51)
	at com.sun.proxy.$Proxy9.sendKeys(Unknown Source)
	at POM.LoginPage.loginmail(LoginPage.java:30)
	at SCRIPTS.Testscript8.testvalidlogonlogout8(Testscript8.java:18)
... Removed 33 stack frames]]>
    </failure>
  </testcase> <!-- testvalidlogonlogout8 -->
  <testcase name="testvalidlogonlogout9" time="0.426" classname="SCRIPTS.Testscript9">
    <failure type="org.openqa.selenium.ElementNotInteractableException" message="Element is not visible
Build info: version: &amp;apos;3.6.0&amp;apos;, revision: &amp;apos;6fbf3ec767&amp;apos;, time: &amp;apos;2017-09-27T16:15:40.131Z&amp;apos;
System info: host: &amp;apos;TYSS-4F-019&amp;apos;, ip: &amp;apos;10.10.14.113&amp;apos;, os.name: &amp;apos;Windows 10&amp;apos;, os.arch: &amp;apos;amd64&amp;apos;, os.version: &amp;apos;10.0&amp;apos;, java.version: &amp;apos;1.8.0_121&amp;apos;
Driver info: org.openqa.selenium.firefox.FirefoxDriver
Capabilities [{moz:profile=C:\Users\TYSS\AppData\Local\Temp\rust_mozprofile.oJnoXBgj2Hyf, rotatable=false, timeouts={implicit=0, pageLoad=300000, script=30000}, pageLoadStrategy=normal, moz:headless=false, platform=XP, specificationLevel=0, moz:accessibilityChecks=false, acceptInsecureCerts=true, browserVersion=56.0.1, platformVersion=10.0, moz:processID=8084, browserName=firefox, javascriptEnabled=true, platformName=XP}]
Session ID: 1a3cfbe6-3a16-45aa-b303-6205fc701108">
      <![CDATA[org.openqa.selenium.ElementNotInteractableException: Element is not visible
Build info: version: '3.6.0', revision: '6fbf3ec767', time: '2017-09-27T16:15:40.131Z'
System info: host: 'TYSS-4F-019', ip: '10.10.14.113', os.name: 'Windows 10', os.arch: 'amd64', os.version: '10.0', java.version: '1.8.0_121'
Driver info: org.openqa.selenium.firefox.FirefoxDriver
Capabilities [{moz:profile=C:\Users\TYSS\AppData\Local\Temp\rust_mozprofile.oJnoXBgj2Hyf, rotatable=false, timeouts={implicit=0, pageLoad=300000, script=30000}, pageLoadStrategy=normal, moz:headless=false, platform=XP, specificationLevel=0, moz:accessibilityChecks=false, acceptInsecureCerts=true, browserVersion=56.0.1, platformVersion=10.0, moz:processID=8084, browserName=firefox, javascriptEnabled=true, platformName=XP}]
Session ID: 1a3cfbe6-3a16-45aa-b303-6205fc701108
	at org.openqa.selenium.remote.http.W3CHttpResponseCodec.createException(W3CHttpResponseCodec.java:185)
	at org.openqa.selenium.remote.http.W3CHttpResponseCodec.decode(W3CHttpResponseCodec.java:120)
	at org.openqa.selenium.remote.http.W3CHttpResponseCodec.decode(W3CHttpResponseCodec.java:49)
	at org.openqa.selenium.remote.HttpCommandExecutor.execute(HttpCommandExecutor.java:164)
	at org.openqa.selenium.remote.service.DriverCommandExecutor.execute(DriverCommandExecutor.java:83)
	at org.openqa.selenium.remote.RemoteWebDriver.execute(RemoteWebDriver.java:586)
	at org.openqa.selenium.remote.RemoteWebElement.execute(RemoteWebElement.java:279)
	at org.openqa.selenium.remote.RemoteWebElement.sendKeys(RemoteWebElement.java:100)
	at org.openqa.selenium.support.pagefactory.internal.LocatingElementHandler.invoke(LocatingElementHandler.java:51)
	at com.sun.proxy.$Proxy9.sendKeys(Unknown Source)
	at POM.LoginPage.loginmail(LoginPage.java:30)
	at SCRIPTS.Testscript9.testvalidlogonlogout9(Testscript9.java:18)
... Removed 33 stack frames]]>
    </failure>
  </testcase> <!-- testvalidlogonlogout9 -->
  <testcase name="testvalidlogonlogout10" time="0.439" classname="SCRIPTS.Testscript10">
    <failure type="org.openqa.selenium.ElementNotInteractableException" message="Element is not visible
Build info: version: &amp;apos;3.6.0&amp;apos;, revision: &amp;apos;6fbf3ec767&amp;apos;, time: &amp;apos;2017-09-27T16:15:40.131Z&amp;apos;
System info: host: &amp;apos;TYSS-4F-019&amp;apos;, ip: &amp;apos;10.10.14.113&amp;apos;, os.name: &amp;apos;Windows 10&amp;apos;, os.arch: &amp;apos;amd64&amp;apos;, os.version: &amp;apos;10.0&amp;apos;, java.version: &amp;apos;1.8.0_121&amp;apos;
Driver info: org.openqa.selenium.firefox.FirefoxDriver
Capabilities [{moz:profile=C:\Users\TYSS\AppData\Local\Temp\rust_mozprofile.oJnoXBgj2Hyf, rotatable=false, timeouts={implicit=0, pageLoad=300000, script=30000}, pageLoadStrategy=normal, moz:headless=false, platform=XP, specificationLevel=0, moz:accessibilityChecks=false, acceptInsecureCerts=true, browserVersion=56.0.1, platformVersion=10.0, moz:processID=8084, browserName=firefox, javascriptEnabled=true, platformName=XP}]
Session ID: 1a3cfbe6-3a16-45aa-b303-6205fc701108">
      <![CDATA[org.openqa.selenium.ElementNotInteractableException: Element is not visible
Build info: version: '3.6.0', revision: '6fbf3ec767', time: '2017-09-27T16:15:40.131Z'
System info: host: 'TYSS-4F-019', ip: '10.10.14.113', os.name: 'Windows 10', os.arch: 'amd64', os.version: '10.0', java.version: '1.8.0_121'
Driver info: org.openqa.selenium.firefox.FirefoxDriver
Capabilities [{moz:profile=C:\Users\TYSS\AppData\Local\Temp\rust_mozprofile.oJnoXBgj2Hyf, rotatable=false, timeouts={implicit=0, pageLoad=300000, script=30000}, pageLoadStrategy=normal, moz:headless=false, platform=XP, specificationLevel=0, moz:accessibilityChecks=false, acceptInsecureCerts=true, browserVersion=56.0.1, platformVersion=10.0, moz:processID=8084, browserName=firefox, javascriptEnabled=true, platformName=XP}]
Session ID: 1a3cfbe6-3a16-45aa-b303-6205fc701108
	at org.openqa.selenium.remote.http.W3CHttpResponseCodec.createException(W3CHttpResponseCodec.java:185)
	at org.openqa.selenium.remote.http.W3CHttpResponseCodec.decode(W3CHttpResponseCodec.java:120)
	at org.openqa.selenium.remote.http.W3CHttpResponseCodec.decode(W3CHttpResponseCodec.java:49)
	at org.openqa.selenium.remote.HttpCommandExecutor.execute(HttpCommandExecutor.java:164)
	at org.openqa.selenium.remote.service.DriverCommandExecutor.execute(DriverCommandExecutor.java:83)
	at org.openqa.selenium.remote.RemoteWebDriver.execute(RemoteWebDriver.java:586)
	at org.openqa.selenium.remote.RemoteWebElement.execute(RemoteWebElement.java:279)
	at org.openqa.selenium.remote.RemoteWebElement.sendKeys(RemoteWebElement.java:100)
	at org.openqa.selenium.support.pagefactory.internal.LocatingElementHandler.invoke(LocatingElementHandler.java:51)
	at com.sun.proxy.$Proxy9.sendKeys(Unknown Source)
	at POM.LoginPage.loginmail(LoginPage.java:30)
	at SCRIPTS.Testscript10.testvalidlogonlogout10(Testscript10.java:18)
... Removed 33 stack frames]]>
    </failure>
  </testcase> <!-- testvalidlogonlogout10 -->
  <testcase name="testvalidlogonlogout11" time="0.408" classname="SCRIPTS.Testscript11">
    <failure type="org.openqa.selenium.ElementNotInteractableException" message="Element is not visible
Build info: version: &amp;apos;3.6.0&amp;apos;, revision: &amp;apos;6fbf3ec767&amp;apos;, time: &amp;apos;2017-09-27T16:15:40.131Z&amp;apos;
System info: host: &amp;apos;TYSS-4F-019&amp;apos;, ip: &amp;apos;10.10.14.113&amp;apos;, os.name: &amp;apos;Windows 10&amp;apos;, os.arch: &amp;apos;amd64&amp;apos;, os.version: &amp;apos;10.0&amp;apos;, java.version: &amp;apos;1.8.0_121&amp;apos;
Driver info: org.openqa.selenium.firefox.FirefoxDriver
Capabilities [{moz:profile=C:\Users\TYSS\AppData\Local\Temp\rust_mozprofile.oJnoXBgj2Hyf, rotatable=false, timeouts={implicit=0, pageLoad=300000, script=30000}, pageLoadStrategy=normal, moz:headless=false, platform=XP, specificationLevel=0, moz:accessibilityChecks=false, acceptInsecureCerts=true, browserVersion=56.0.1, platformVersion=10.0, moz:processID=8084, browserName=firefox, javascriptEnabled=true, platformName=XP}]
Session ID: 1a3cfbe6-3a16-45aa-b303-6205fc701108">
      <![CDATA[org.openqa.selenium.ElementNotInteractableException: Element is not visible
Build info: version: '3.6.0', revision: '6fbf3ec767', time: '2017-09-27T16:15:40.131Z'
System info: host: 'TYSS-4F-019', ip: '10.10.14.113', os.name: 'Windows 10', os.arch: 'amd64', os.version: '10.0', java.version: '1.8.0_121'
Driver info: org.openqa.selenium.firefox.FirefoxDriver
Capabilities [{moz:profile=C:\Users\TYSS\AppData\Local\Temp\rust_mozprofile.oJnoXBgj2Hyf, rotatable=false, timeouts={implicit=0, pageLoad=300000, script=30000}, pageLoadStrategy=normal, moz:headless=false, platform=XP, specificationLevel=0, moz:accessibilityChecks=false, acceptInsecureCerts=true, browserVersion=56.0.1, platformVersion=10.0, moz:processID=8084, browserName=firefox, javascriptEnabled=true, platformName=XP}]
Session ID: 1a3cfbe6-3a16-45aa-b303-6205fc701108
	at org.openqa.selenium.remote.http.W3CHttpResponseCodec.createException(W3CHttpResponseCodec.java:185)
	at org.openqa.selenium.remote.http.W3CHttpResponseCodec.decode(W3CHttpResponseCodec.java:120)
	at org.openqa.selenium.remote.http.W3CHttpResponseCodec.decode(W3CHttpResponseCodec.java:49)
	at org.openqa.selenium.remote.HttpCommandExecutor.execute(HttpCommandExecutor.java:164)
	at org.openqa.selenium.remote.service.DriverCommandExecutor.execute(DriverCommandExecutor.java:83)
	at org.openqa.selenium.remote.RemoteWebDriver.execute(RemoteWebDriver.java:586)
	at org.openqa.selenium.remote.RemoteWebElement.execute(RemoteWebElement.java:279)
	at org.openqa.selenium.remote.RemoteWebElement.sendKeys(RemoteWebElement.java:100)
	at org.openqa.selenium.support.pagefactory.internal.LocatingElementHandler.invoke(LocatingElementHandler.java:51)
	at com.sun.proxy.$Proxy9.sendKeys(Unknown Source)
	at POM.LoginPage.loginmail(LoginPage.java:30)
	at SCRIPTS.Testscript11.testvalidlogonlogout11(Testscript11.java:18)
... Removed 33 stack frames]]>
    </failure>
  </testcase> <!-- testvalidlogonlogout11 -->
  <testcase name="testvalidlogonlogout12" time="0.353" classname="SCRIPTS.Testscript12">
    <failure type="org.openqa.selenium.ElementNotInteractableException" message="Element is not visible
Build info: version: &amp;apos;3.6.0&amp;apos;, revision: &amp;apos;6fbf3ec767&amp;apos;, time: &amp;apos;2017-09-27T16:15:40.131Z&amp;apos;
System info: host: &amp;apos;TYSS-4F-019&amp;apos;, ip: &amp;apos;10.10.14.113&amp;apos;, os.name: &amp;apos;Windows 10&amp;apos;, os.arch: &amp;apos;amd64&amp;apos;, os.version: &amp;apos;10.0&amp;apos;, java.version: &amp;apos;1.8.0_121&amp;apos;
Driver info: org.openqa.selenium.firefox.FirefoxDriver
Capabilities [{moz:profile=C:\Users\TYSS\AppData\Local\Temp\rust_mozprofile.oJnoXBgj2Hyf, rotatable=false, timeouts={implicit=0, pageLoad=300000, script=30000}, pageLoadStrategy=normal, moz:headless=false, platform=XP, specificationLevel=0, moz:accessibilityChecks=false, acceptInsecureCerts=true, browserVersion=56.0.1, platformVersion=10.0, moz:processID=8084, browserName=firefox, javascriptEnabled=true, platformName=XP}]
Session ID: 1a3cfbe6-3a16-45aa-b303-6205fc701108">
      <![CDATA[org.openqa.selenium.ElementNotInteractableException: Element is not visible
Build info: version: '3.6.0', revision: '6fbf3ec767', time: '2017-09-27T16:15:40.131Z'
System info: host: 'TYSS-4F-019', ip: '10.10.14.113', os.name: 'Windows 10', os.arch: 'amd64', os.version: '10.0', java.version: '1.8.0_121'
Driver info: org.openqa.selenium.firefox.FirefoxDriver
Capabilities [{moz:profile=C:\Users\TYSS\AppData\Local\Temp\rust_mozprofile.oJnoXBgj2Hyf, rotatable=false, timeouts={implicit=0, pageLoad=300000, script=30000}, pageLoadStrategy=normal, moz:headless=false, platform=XP, specificationLevel=0, moz:accessibilityChecks=false, acceptInsecureCerts=true, browserVersion=56.0.1, platformVersion=10.0, moz:processID=8084, browserName=firefox, javascriptEnabled=true, platformName=XP}]
Session ID: 1a3cfbe6-3a16-45aa-b303-6205fc701108
	at org.openqa.selenium.remote.http.W3CHttpResponseCodec.createException(W3CHttpResponseCodec.java:185)
	at org.openqa.selenium.remote.http.W3CHttpResponseCodec.decode(W3CHttpResponseCodec.java:120)
	at org.openqa.selenium.remote.http.W3CHttpResponseCodec.decode(W3CHttpResponseCodec.java:49)
	at org.openqa.selenium.remote.HttpCommandExecutor.execute(HttpCommandExecutor.java:164)
	at org.openqa.selenium.remote.service.DriverCommandExecutor.execute(DriverCommandExecutor.java:83)
	at org.openqa.selenium.remote.RemoteWebDriver.execute(RemoteWebDriver.java:586)
	at org.openqa.selenium.remote.RemoteWebElement.execute(RemoteWebElement.java:279)
	at org.openqa.selenium.remote.RemoteWebElement.sendKeys(RemoteWebElement.java:100)
	at org.openqa.selenium.support.pagefactory.internal.LocatingElementHandler.invoke(LocatingElementHandler.java:51)
	at com.sun.proxy.$Proxy9.sendKeys(Unknown Source)
	at POM.LoginPage.loginmail(LoginPage.java:30)
	at SCRIPTS.Testscript12.testvalidlogonlogout12(Testscript12.java:18)
... Removed 33 stack frames]]>
    </failure>
  </testcase> <!-- testvalidlogonlogout12 -->
  <testcase name="testvalidlogonlogout13" time="0.341" classname="SCRIPTS.Testscript13">
    <failure type="org.openqa.selenium.ElementNotInteractableException" message="Element is not visible
Build info: version: &amp;apos;3.6.0&amp;apos;, revision: &amp;apos;6fbf3ec767&amp;apos;, time: &amp;apos;2017-09-27T16:15:40.131Z&amp;apos;
System info: host: &amp;apos;TYSS-4F-019&amp;apos;, ip: &amp;apos;10.10.14.113&amp;apos;, os.name: &amp;apos;Windows 10&amp;apos;, os.arch: &amp;apos;amd64&amp;apos;, os.version: &amp;apos;10.0&amp;apos;, java.version: &amp;apos;1.8.0_121&amp;apos;
Driver info: org.openqa.selenium.firefox.FirefoxDriver
Capabilities [{moz:profile=C:\Users\TYSS\AppData\Local\Temp\rust_mozprofile.oJnoXBgj2Hyf, rotatable=false, timeouts={implicit=0, pageLoad=300000, script=30000}, pageLoadStrategy=normal, moz:headless=false, platform=XP, specificationLevel=0, moz:accessibilityChecks=false, acceptInsecureCerts=true, browserVersion=56.0.1, platformVersion=10.0, moz:processID=8084, browserName=firefox, javascriptEnabled=true, platformName=XP}]
Session ID: 1a3cfbe6-3a16-45aa-b303-6205fc701108">
      <![CDATA[org.openqa.selenium.ElementNotInteractableException: Element is not visible
Build info: version: '3.6.0', revision: '6fbf3ec767', time: '2017-09-27T16:15:40.131Z'
System info: host: 'TYSS-4F-019', ip: '10.10.14.113', os.name: 'Windows 10', os.arch: 'amd64', os.version: '10.0', java.version: '1.8.0_121'
Driver info: org.openqa.selenium.firefox.FirefoxDriver
Capabilities [{moz:profile=C:\Users\TYSS\AppData\Local\Temp\rust_mozprofile.oJnoXBgj2Hyf, rotatable=false, timeouts={implicit=0, pageLoad=300000, script=30000}, pageLoadStrategy=normal, moz:headless=false, platform=XP, specificationLevel=0, moz:accessibilityChecks=false, acceptInsecureCerts=true, browserVersion=56.0.1, platformVersion=10.0, moz:processID=8084, browserName=firefox, javascriptEnabled=true, platformName=XP}]
Session ID: 1a3cfbe6-3a16-45aa-b303-6205fc701108
	at org.openqa.selenium.remote.http.W3CHttpResponseCodec.createException(W3CHttpResponseCodec.java:185)
	at org.openqa.selenium.remote.http.W3CHttpResponseCodec.decode(W3CHttpResponseCodec.java:120)
	at org.openqa.selenium.remote.http.W3CHttpResponseCodec.decode(W3CHttpResponseCodec.java:49)
	at org.openqa.selenium.remote.HttpCommandExecutor.execute(HttpCommandExecutor.java:164)
	at org.openqa.selenium.remote.service.DriverCommandExecutor.execute(DriverCommandExecutor.java:83)
	at org.openqa.selenium.remote.RemoteWebDriver.execute(RemoteWebDriver.java:586)
	at org.openqa.selenium.remote.RemoteWebElement.execute(RemoteWebElement.java:279)
	at org.openqa.selenium.remote.RemoteWebElement.sendKeys(RemoteWebElement.java:100)
	at org.openqa.selenium.support.pagefactory.internal.LocatingElementHandler.invoke(LocatingElementHandler.java:51)
	at com.sun.proxy.$Proxy9.sendKeys(Unknown Source)
	at POM.LoginPage.loginmail(LoginPage.java:30)
	at SCRIPTS.Testscript13.testvalidlogonlogout13(Testscript13.java:18)
... Removed 32 stack frames]]>
    </failure>
  </testcase> <!-- testvalidlogonlogout13 -->
  <testcase name="testvalidlogonlogout14" time="0.361" classname="SCRIPTS.Testscript14">
    <failure type="org.openqa.selenium.ElementNotInteractableException" message="Element is not visible
Build info: version: &amp;apos;3.6.0&amp;apos;, revision: &amp;apos;6fbf3ec767&amp;apos;, time: &amp;apos;2017-09-27T16:15:40.131Z&amp;apos;
System info: host: &amp;apos;TYSS-4F-019&amp;apos;, ip: &amp;apos;10.10.14.113&amp;apos;, os.name: &amp;apos;Windows 10&amp;apos;, os.arch: &amp;apos;amd64&amp;apos;, os.version: &amp;apos;10.0&amp;apos;, java.version: &amp;apos;1.8.0_121&amp;apos;
Driver info: org.openqa.selenium.firefox.FirefoxDriver
Capabilities [{moz:profile=C:\Users\TYSS\AppData\Local\Temp\rust_mozprofile.oJnoXBgj2Hyf, rotatable=false, timeouts={implicit=0, pageLoad=300000, script=30000}, pageLoadStrategy=normal, moz:headless=false, platform=XP, specificationLevel=0, moz:accessibilityChecks=false, acceptInsecureCerts=true, browserVersion=56.0.1, platformVersion=10.0, moz:processID=8084, browserName=firefox, javascriptEnabled=true, platformName=XP}]
Session ID: 1a3cfbe6-3a16-45aa-b303-6205fc701108">
      <![CDATA[org.openqa.selenium.ElementNotInteractableException: Element is not visible
Build info: version: '3.6.0', revision: '6fbf3ec767', time: '2017-09-27T16:15:40.131Z'
System info: host: 'TYSS-4F-019', ip: '10.10.14.113', os.name: 'Windows 10', os.arch: 'amd64', os.version: '10.0', java.version: '1.8.0_121'
Driver info: org.openqa.selenium.firefox.FirefoxDriver
Capabilities [{moz:profile=C:\Users\TYSS\AppData\Local\Temp\rust_mozprofile.oJnoXBgj2Hyf, rotatable=false, timeouts={implicit=0, pageLoad=300000, script=30000}, pageLoadStrategy=normal, moz:headless=false, platform=XP, specificationLevel=0, moz:accessibilityChecks=false, acceptInsecureCerts=true, browserVersion=56.0.1, platformVersion=10.0, moz:processID=8084, browserName=firefox, javascriptEnabled=true, platformName=XP}]
Session ID: 1a3cfbe6-3a16-45aa-b303-6205fc701108
	at org.openqa.selenium.remote.http.W3CHttpResponseCodec.createException(W3CHttpResponseCodec.java:185)
	at org.openqa.selenium.remote.http.W3CHttpResponseCodec.decode(W3CHttpResponseCodec.java:120)
	at org.openqa.selenium.remote.http.W3CHttpResponseCodec.decode(W3CHttpResponseCodec.java:49)
	at org.openqa.selenium.remote.HttpCommandExecutor.execute(HttpCommandExecutor.java:164)
	at org.openqa.selenium.remote.service.DriverCommandExecutor.execute(DriverCommandExecutor.java:83)
	at org.openqa.selenium.remote.RemoteWebDriver.execute(RemoteWebDriver.java:586)
	at org.openqa.selenium.remote.RemoteWebElement.execute(RemoteWebElement.java:279)
	at org.openqa.selenium.remote.RemoteWebElement.sendKeys(RemoteWebElement.java:100)
	at org.openqa.selenium.support.pagefactory.internal.LocatingElementHandler.invoke(LocatingElementHandler.java:51)
	at com.sun.proxy.$Proxy9.sendKeys(Unknown Source)
	at POM.LoginPage.loginmail(LoginPage.java:30)
	at SCRIPTS.Testscript14.testvalidlogonlogout14(Testscript14.java:18)
... Removed 32 stack frames]]>
    </failure>
  </testcase> <!-- testvalidlogonlogout14 -->
  <testcase name="testvalidlogonlogout15" time="0.38" classname="SCRIPTS.Testscript15">
    <failure type="org.openqa.selenium.ElementNotInteractableException" message="Element is not visible
Build info: version: &amp;apos;3.6.0&amp;apos;, revision: &amp;apos;6fbf3ec767&amp;apos;, time: &amp;apos;2017-09-27T16:15:40.131Z&amp;apos;
System info: host: &amp;apos;TYSS-4F-019&amp;apos;, ip: &amp;apos;10.10.14.113&amp;apos;, os.name: &amp;apos;Windows 10&amp;apos;, os.arch: &amp;apos;amd64&amp;apos;, os.version: &amp;apos;10.0&amp;apos;, java.version: &amp;apos;1.8.0_121&amp;apos;
Driver info: org.openqa.selenium.firefox.FirefoxDriver
Capabilities [{moz:profile=C:\Users\TYSS\AppData\Local\Temp\rust_mozprofile.oJnoXBgj2Hyf, rotatable=false, timeouts={implicit=0, pageLoad=300000, script=30000}, pageLoadStrategy=normal, moz:headless=false, platform=XP, specificationLevel=0, moz:accessibilityChecks=false, acceptInsecureCerts=true, browserVersion=56.0.1, platformVersion=10.0, moz:processID=8084, browserName=firefox, javascriptEnabled=true, platformName=XP}]
Session ID: 1a3cfbe6-3a16-45aa-b303-6205fc701108">
      <![CDATA[org.openqa.selenium.ElementNotInteractableException: Element is not visible
Build info: version: '3.6.0', revision: '6fbf3ec767', time: '2017-09-27T16:15:40.131Z'
System info: host: 'TYSS-4F-019', ip: '10.10.14.113', os.name: 'Windows 10', os.arch: 'amd64', os.version: '10.0', java.version: '1.8.0_121'
Driver info: org.openqa.selenium.firefox.FirefoxDriver
Capabilities [{moz:profile=C:\Users\TYSS\AppData\Local\Temp\rust_mozprofile.oJnoXBgj2Hyf, rotatable=false, timeouts={implicit=0, pageLoad=300000, script=30000}, pageLoadStrategy=normal, moz:headless=false, platform=XP, specificationLevel=0, moz:accessibilityChecks=false, acceptInsecureCerts=true, browserVersion=56.0.1, platformVersion=10.0, moz:processID=8084, browserName=firefox, javascriptEnabled=true, platformName=XP}]
Session ID: 1a3cfbe6-3a16-45aa-b303-6205fc701108
	at org.openqa.selenium.remote.http.W3CHttpResponseCodec.createException(W3CHttpResponseCodec.java:185)
	at org.openqa.selenium.remote.http.W3CHttpResponseCodec.decode(W3CHttpResponseCodec.java:120)
	at org.openqa.selenium.remote.http.W3CHttpResponseCodec.decode(W3CHttpResponseCodec.java:49)
	at org.openqa.selenium.remote.HttpCommandExecutor.execute(HttpCommandExecutor.java:164)
	at org.openqa.selenium.remote.service.DriverCommandExecutor.execute(DriverCommandExecutor.java:83)
	at org.openqa.selenium.remote.RemoteWebDriver.execute(RemoteWebDriver.java:586)
	at org.openqa.selenium.remote.RemoteWebElement.execute(RemoteWebElement.java:279)
	at org.openqa.selenium.remote.RemoteWebElement.sendKeys(RemoteWebElement.java:100)
	at org.openqa.selenium.support.pagefactory.internal.LocatingElementHandler.invoke(LocatingElementHandler.java:51)
	at com.sun.proxy.$Proxy9.sendKeys(Unknown Source)
	at POM.LoginPage.loginmail(LoginPage.java:30)
	at SCRIPTS.Testscript15.testvalidlogonlogout15(Testscript15.java:21)
... Removed 32 stack frames]]>
    </failure>
  </testcase> <!-- testvalidlogonlogout15 -->
  <testcase name="@BeforeTest openapp" time="0.0" classname="UNIVERSAL.Basetest">
    <ignored/>
  </testcase> <!-- @BeforeTest openapp -->
  <testcase name="@BeforeTest openapp" time="0.0" classname="UNIVERSAL.Basetest">
    <ignored/>
  </testcase> <!-- @BeforeTest openapp -->
  <testcase name="@BeforeTest openapp" time="0.0" classname="UNIVERSAL.Basetest">
    <ignored/>
  </testcase> <!-- @BeforeTest openapp -->
  <testcase name="@BeforeTest openapp" time="0.0" classname="UNIVERSAL.Basetest">
    <ignored/>
  </testcase> <!-- @BeforeTest openapp -->
  <testcase name="@BeforeTest openapp" time="0.0" classname="UNIVERSAL.Basetest">
    <ignored/>
  </testcase> <!-- @BeforeTest openapp -->
  <testcase name="@BeforeTest openapp" time="0.0" classname="UNIVERSAL.Basetest">
    <ignored/>
  </testcase> <!-- @BeforeTest openapp -->
  <testcase name="@BeforeTest openapp" time="0.0" classname="UNIVERSAL.Basetest">
    <ignored/>
  </testcase> <!-- @BeforeTest openapp -->
  <testcase name="@BeforeTest openapp" time="0.0" classname="UNIVERSAL.Basetest">
    <ignored/>
  </testcase> <!-- @BeforeTest openapp -->
  <testcase name="@BeforeTest openapp" time="0.0" classname="UNIVERSAL.Basetest">
    <ignored/>
  </testcase> <!-- @BeforeTest openapp -->
  <testcase name="@BeforeTest openapp" time="0.0" classname="UNIVERSAL.Basetest">
    <ignored/>
  </testcase> <!-- @BeforeTest openapp -->
  <testcase name="@BeforeTest openapp" time="0.0" classname="UNIVERSAL.Basetest">
    <ignored/>
  </testcase> <!-- @BeforeTest openapp -->
  <testcase name="@BeforeTest openapp" time="0.0" classname="UNIVERSAL.Basetest">
    <ignored/>
  </testcase> <!-- @BeforeTest openapp -->
  <testcase name="@BeforeTest openapp" time="0.0" classname="UNIVERSAL.Basetest">
    <ignored/>
  </testcase> <!-- @BeforeTest openapp -->
  <testcase name="@BeforeTest openapp" time="0.0" classname="UNIVERSAL.Basetest">
    <ignored/>
  </testcase> <!-- @BeforeTest openapp -->
  <testcase name="@AfterTest closeapp" time="0.0" classname="UNIVERSAL.Basetest">
    <ignored/>
  </testcase> <!-- @AfterTest closeapp -->
  <testcase name="@AfterTest closeapp" time="0.0" classname="UNIVERSAL.Basetest">
    <ignored/>
  </testcase> <!-- @AfterTest closeapp -->
  <testcase name="@AfterTest closeapp" time="0.0" classname="UNIVERSAL.Basetest">
    <ignored/>
  </testcase> <!-- @AfterTest closeapp -->
  <testcase name="@AfterTest closeapp" time="0.0" classname="UNIVERSAL.Basetest">
    <ignored/>
  </testcase> <!-- @AfterTest closeapp -->
  <testcase name="@AfterTest closeapp" time="0.0" classname="UNIVERSAL.Basetest">
    <ignored/>
  </testcase> <!-- @AfterTest closeapp -->
  <testcase name="@AfterTest closeapp" time="0.0" classname="UNIVERSAL.Basetest">
    <ignored/>
  </testcase> <!-- @AfterTest closeapp -->
  <testcase name="@AfterTest closeapp" time="0.0" classname="UNIVERSAL.Basetest">
    <ignored/>
  </testcase> <!-- @AfterTest closeapp -->
  <testcase name="@AfterTest closeapp" time="0.0" classname="UNIVERSAL.Basetest">
    <ignored/>
  </testcase> <!-- @AfterTest closeapp -->
  <testcase name="@AfterTest closeapp" time="0.0" classname="UNIVERSAL.Basetest">
    <ignored/>
  </testcase> <!-- @AfterTest closeapp -->
  <testcase name="@AfterTest closeapp" time="0.0" classname="UNIVERSAL.Basetest">
    <ignored/>
  </testcase> <!-- @AfterTest closeapp -->
  <testcase name="@AfterTest closeapp" time="0.0" classname="UNIVERSAL.Basetest">
    <ignored/>
  </testcase> <!-- @AfterTest closeapp -->
  <testcase name="@AfterTest closeapp" time="0.0" classname="UNIVERSAL.Basetest">
    <ignored/>
  </testcase> <!-- @AfterTest closeapp -->
  <testcase name="@AfterTest closeapp" time="0.0" classname="UNIVERSAL.Basetest">
    <ignored/>
  </testcase> <!-- @AfterTest closeapp -->
  <testcase name="@AfterTest closeapp" time="0.0" classname="UNIVERSAL.Basetest">
    <ignored/>
  </testcase> <!-- @AfterTest closeapp -->
</testsuite> <!-- Test -->
