<?xml version="1.0" encoding="UTF-8"?>
<testng-results skipped="0" failed="0" ignored="0" total="1" passed="1">
  <reporter-output>
  </reporter-output>
  <suite name="Default suite" duration-ms="60810" started-at="2017-11-13T08:21:00Z" finished-at="2017-11-13T08:22:01Z">
    <groups>
    </groups>
    <test name="Default test" duration-ms="60810" started-at="2017-11-13T08:21:00Z" finished-at="2017-11-13T08:22:01Z">
      <class name="SCRIPTS.Testscript1">
        <test-method status="PASS" signature="openapp()[pri:0, instance:SCRIPTS.Testscript1@29774679]" name="openapp" is-config="true" duration-ms="11328" started-at="2017-11-13T13:51:00Z" finished-at="2017-11-13T13:51:11Z">
          <reporter-output>
          </reporter-output>
        </test-method> <!-- openapp -->
        <test-method status="PASS" signature="testvalidlogonlogout()[pri:0, instance:SCRIPTS.Testscript1@29774679]" name="testvalidlogonlogout" duration-ms="49416" started-at="2017-11-13T13:51:11Z" finished-at="2017-11-13T13:52:01Z">
          <reporter-output>
          </reporter-output>
        </test-method> <!-- testvalidlogonlogout -->
        <test-method status="PASS" signature="closeapp()[pri:0, instance:SCRIPTS.Testscript1@29774679]" name="closeapp" is-config="true" duration-ms="0" started-at="2017-11-13T13:52:01Z" finished-at="2017-11-13T13:52:01Z">
          <reporter-output>
          </reporter-output>
        </test-method> <!-- closeapp -->
      </class> <!-- SCRIPTS.Testscript1 -->
    </test> <!-- Default test -->
  </suite> <!-- Default suite -->
</testng-results>
